R1: IF persons = '2' -> evaluation = 'unacc' [Precision: 100%, Coverage: 33.21%]
R2: IF safety = 'low' -> evaluation = 'unacc' [Precision: 100%, Coverage: 32.63%]
R3: IF buying = 'vhigh' AND maint = 'vhigh' -> evaluation = 'unacc' [Precision: 100%, Coverage: 6.08%]
R4: IF buying = 'vhigh' AND maint = 'high' -> evaluation = 'unacc' [Precision: 100%, Coverage: 5.72%]
R5: IF buying = 'high' AND maint = 'vhigh' -> evaluation = 'unacc' [Precision: 100%, Coverage: 6.73%]
R6: IF buying = 'high' AND doors = '2' AND lug_boot = 'small' -> evaluation = 'unacc' [Precision: 100%, Coverage: 1.88%]
R7: IF buying = 'vhigh' AND lug_boot = 'small' AND safety = 'med' -> evaluation = 'unacc' [Precision: 100%, Coverage: 2.82%]
R8: IF buying = 'high' AND lug_boot = 'small' AND safety = 'med' -> evaluation = 'unacc' [Precision: 100%, Coverage: 2.97%]
R9: IF maint = 'vhigh' AND lug_boot = 'small' AND safety = 'med' -> evaluation = 'unacc' [Precision: 100%, Coverage: 2.6%]
R10: IF doors = '2' AND persons = 'more' AND lug_boot = 'small' -> evaluation = 'unacc' [Precision: 100%, Coverage: 2.68%]
R11: IF buying = 'vhigh' AND maint = 'low' AND doors = '2' AND lug_boot = 'small' -> evaluation = 'unacc' [Precision: 100%, Coverage: 0.51%]
R12: IF buying = 'high' AND maint = 'low' AND doors = '2' AND lug_boot = 'med' -> evaluation = 'unacc' [Precision: 100%, Coverage: 0.36%]
R13: IF buying = 'low' AND maint = 'vhigh' AND persons = 'more' AND safety = 'high' -> evaluation = 'acc' [Precision: 100%, Coverage: 0.58%]
R14: IF buying = 'low' AND maint = 'vhigh' AND persons = '4' AND safety = 'high' -> evaluation = 'acc' [Precision: 100%, Coverage: 0.8%]
R15: IF buying = 'low' AND maint = 'high' AND persons = '4' AND safety = 'med' -> evaluation = 'acc' [Precision: 100%, Coverage: 0.65%]
R16: IF buying = 'med' AND maint = 'vhigh' AND persons = '4' AND safety = 'high' -> evaluation = 'acc' [Precision: 100%, Coverage: 0.72%]
R17: IF buying = 'med' AND maint = 'high' AND persons = '4' AND safety = 'high' -> evaluation = 'acc' [Precision: 100%, Coverage: 0.58%]
R18: IF buying = 'med' AND maint = 'med' AND persons = '4' AND safety = 'med' -> evaluation = 'acc' [Precision: 100%, Coverage: 0.72%]
R19: IF buying = 'vhigh' AND maint = 'low' AND persons = '4' AND safety = 'high' -> evaluation = 'acc' [Precision: 100%, Coverage: 0.65%]
R20: IF buying = 'vhigh' AND maint = 'med' AND persons = '4' AND safety = 'high' -> evaluation = 'acc' [Precision: 100%, Coverage: 0.65%]
R21: IF buying = 'high' AND maint = 'low' AND persons = '4' AND safety = 'high' -> evaluation = 'acc' [Precision: 100%, Coverage: 0.58%]
R22: IF buying = 'high' AND maint = 'high' AND persons = 'more' AND safety = 'high' -> evaluation = 'acc' [Precision: 100%, Coverage: 0.72%]
R23: IF buying = 'high' AND maint = 'high' AND persons = '4' AND safety = 'high' -> evaluation = 'acc' [Precision: 100%, Coverage: 0.65%]
R24: IF buying = 'high' AND maint = 'med' AND persons = '4' AND safety = 'high' -> evaluation = 'acc' [Precision: 100%, Coverage: 0.72%]
R25: IF buying = 'med' AND maint = 'high' AND lug_boot = 'small' AND safety = 'med' -> evaluation = 'unacc' [Precision: 100%, Coverage: 0.8%]
R26: IF buying = 'vhigh' AND doors = '4' AND persons = 'more' AND lug_boot = 'small' -> evaluation = 'unacc' [Precision: 100%, Coverage: 0.51%]
R27: IF buying = 'vhigh' AND doors = '2' AND persons = '4' AND safety = 'med' -> evaluation = 'unacc' [Precision: 100%, Coverage: 0.65%]
R28: IF buying = 'vhigh' AND doors = '2' AND lug_boot = 'med' AND safety = 'med' -> evaluation = 'unacc' [Precision: 100%, Coverage: 0.72%]
R29: IF buying = 'high' AND doors = '2' AND lug_boot = 'med' AND safety = 'med' -> evaluation = 'unacc' [Precision: 100%, Coverage: 0.65%]
R30: IF maint = 'vhigh' AND doors = '2' AND lug_boot = 'med' AND safety = 'med' -> evaluation = 'unacc' [Precision: 100%, Coverage: 0.72%]
R31: IF buying = 'low' AND maint = 'high' AND doors = '2' AND persons = '4' AND lug_boot = 'med' -> evaluation = 'unacc' [Precision: 100%, Coverage: 0.07%]
R32: IF buying = 'low' AND maint = 'high' AND doors = '3' AND persons = '4' AND lug_boot = 'big' -> evaluation = 'unacc' [Precision: 100%, Coverage: 0.07%]
R33: IF buying = 'low' AND maint = 'vhigh' AND doors = '2' AND persons = '4' AND lug_boot = 'big' -> evaluation = 'unacc' [Precision: 100%, Coverage: 0.07%]
R34: IF buying = 'low' AND maint = 'vhigh' AND doors = '3' AND persons = 'more' AND lug_boot = 'med' -> evaluation = 'unacc' [Precision: 100%, Coverage: 0.07%]
R35: IF buying = 'low' AND maint = 'vhigh' AND doors = '3' AND persons = '4' AND lug_boot = 'big' -> evaluation = 'acc' [Precision: 100%, Coverage: 0.14%]
R36: IF buying = 'low' AND maint = 'vhigh' AND doors = '5more' AND persons = '4' AND lug_boot = 'med' -> evaluation = 'acc' [Precision: 100%, Coverage: 0.14%]
R37: IF buying = 'low' AND maint = 'vhigh' AND doors = '5more' AND persons = '4' AND lug_boot = 'big' -> evaluation = 'acc' [Precision: 100%, Coverage: 0.14%]
R38: IF buying = 'low' AND maint = 'vhigh' AND doors = '4' AND persons = 'more' AND lug_boot = 'med' -> evaluation = 'acc' [Precision: 100%, Coverage: 0.07%]
R39: IF buying = 'low' AND maint = 'vhigh' AND doors = '4' AND persons = '4' AND lug_boot = 'big' -> evaluation = 'acc' [Precision: 100%, Coverage: 0.14%]
R40: IF buying = 'low' AND maint = 'med' AND doors = '2' AND persons = 'more' AND lug_boot = 'big' -> evaluation = 'good' [Precision: 100%, Coverage: 0.07%]
R41: IF buying = 'low' AND maint = 'med' AND doors = '4' AND persons = 'more' AND lug_boot = 'big' -> evaluation = 'unacc' [Precision: 100%, Coverage: 0.07%]
R42: IF buying = 'med' AND maint = 'low' AND doors = '4' AND persons = '4' AND lug_boot = 'small' -> evaluation = 'good' [Precision: 100%, Coverage: 0.07%]
R43: IF buying = 'med' AND maint = 'high' AND doors = '3' AND persons = 'more' AND lug_boot = 'med' -> evaluation = 'acc' [Precision: 100%, Coverage: 0.07%]
R44: IF buying = 'med' AND maint = 'high' AND doors = '5more' AND persons = 'more' AND lug_boot = 'big' -> evaluation = 'acc' [Precision: 100%, Coverage: 0.14%]
R45: IF buying = 'med' AND maint = 'high' AND doors = '5more' AND persons = '4' AND lug_boot = 'big' -> evaluation = 'acc' [Precision: 100%, Coverage: 0.14%]
R46: IF buying = 'med' AND maint = 'high' AND doors = '4' AND persons = '4' AND lug_boot = 'small' -> evaluation = 'unacc' [Precision: 100%, Coverage: 0.07%]
R47: IF buying = 'med' AND maint = 'vhigh' AND doors = '2' AND persons = 'more' AND lug_boot = 'med' -> evaluation = 'acc' [Precision: 100%, Coverage: 0.07%]
R48: IF buying = 'med' AND maint = 'vhigh' AND doors = '2' AND persons = 'more' AND lug_boot = 'big' -> evaluation = 'acc' [Precision: 100%, Coverage: 0.07%]
R49: IF buying = 'med' AND maint = 'vhigh' AND doors = '3' AND persons = 'more' AND lug_boot = 'small' -> evaluation = 'acc' [Precision: 100%, Coverage: 0.07%]
R50: IF buying = 'med' AND maint = 'vhigh' AND doors = '5more' AND persons = '4' AND lug_boot = 'small' -> evaluation = 'unacc' [Precision: 100%, Coverage: 0.07%]
R51: IF buying = 'med' AND maint = 'med' AND doors = '2' AND persons = 'more' AND lug_boot = 'big' -> evaluation = 'acc' [Precision: 100%, Coverage: 0.07%]
R52: IF buying = 'med' AND maint = 'med' AND doors = '3' AND persons = '4' AND lug_boot = 'med' -> evaluation = 'acc' [Precision: 100%, Coverage: 0.14%]
R53: IF buying = 'med' AND maint = 'med' AND doors = '5more' AND persons = '4' AND lug_boot = 'small' -> evaluation = 'unacc' [Precision: 100%, Coverage: 0.07%]
R54: IF buying = 'med' AND maint = 'med' AND doors = '4' AND persons = 'more' AND lug_boot = 'small' -> evaluation = 'acc' [Precision: 100%, Coverage: 0.07%]
R55: IF buying = 'med' AND maint = 'med' AND doors = '4' AND persons = '4' AND lug_boot = 'small' -> evaluation = 'acc' [Precision: 100%, Coverage: 0.14%]
R56: IF buying = 'vhigh' AND maint = 'low' AND doors = '2' AND persons = '4' AND lug_boot = 'big' -> evaluation = 'unacc' [Precision: 100%, Coverage: 0.07%]
R57: IF buying = 'vhigh' AND maint = 'low' AND doors = '5more' AND persons = 'more' AND lug_boot = 'big' -> evaluation = 'acc' [Precision: 100%, Coverage: 0.07%]
R58: IF buying = 'vhigh' AND maint = 'low' AND doors = '4' AND persons = '4' AND lug_boot = 'small' -> evaluation = 'acc' [Precision: 100%, Coverage: 0.07%]
R59: IF buying = 'vhigh' AND maint = 'med' AND doors = '3' AND persons = '4' AND lug_boot = 'med' -> evaluation = 'unacc' [Precision: 100%, Coverage: 0.07%]
R60: IF buying = 'vhigh' AND maint = 'med' AND doors = '4' AND persons = 'more' AND lug_boot = 'med' -> evaluation = 'acc' [Precision: 100%, Coverage: 0.14%]
R61: IF buying = 'vhigh' AND maint = 'med' AND doors = '4' AND persons = '4' AND lug_boot = 'big' -> evaluation = 'unacc' [Precision: 100%, Coverage: 0.07%]
R62: IF buying = 'high' AND maint = 'low' AND doors = '3' AND persons = 'more' AND lug_boot = 'med' -> evaluation = 'acc' [Precision: 100%, Coverage: 0.07%]
R63: IF buying = 'high' AND maint = 'low' AND doors = '3' AND persons = 'more' AND lug_boot = 'big' -> evaluation = 'acc' [Precision: 100%, Coverage: 0.07%]
R64: IF buying = 'high' AND maint = 'low' AND doors = '3' AND persons = 'more' AND lug_boot = 'small' -> evaluation = 'unacc' [Precision: 100%, Coverage: 0.07%]
R65: IF buying = 'high' AND maint = 'low' AND doors = '3' AND persons = '4' AND lug_boot = 'med' -> evaluation = 'unacc' [Precision: 100%, Coverage: 0.14%]
R66: IF buying = 'high' AND maint = 'low' AND doors = '5more' AND persons = 'more' AND lug_boot = 'med' -> evaluation = 'unacc' [Precision: 100%, Coverage: 0.07%]
R67: IF buying = 'high' AND maint = 'low' AND doors = '5more' AND persons = '4' AND lug_boot = 'med' -> evaluation = 'acc' [Precision: 100%, Coverage: 0.07%]
R68: IF buying = 'high' AND maint = 'low' AND doors = '4' AND persons = '4' AND lug_boot = 'small' -> evaluation = 'unacc' [Precision: 100%, Coverage: 0.14%]
R69: IF buying = 'high' AND maint = 'high' AND doors = '2' AND persons = '4' AND lug_boot = 'big' -> evaluation = 'acc' [Precision: 100%, Coverage: 0.07%]
R70: IF buying = 'high' AND maint = 'high' AND doors = '3' AND persons = 'more' AND lug_boot = 'big' -> evaluation = 'acc' [Precision: 100%, Coverage: 0.14%]
R71: IF buying = 'high' AND maint = 'high' AND doors = '5more' AND persons = 'more' AND lug_boot = 'big' -> evaluation = 'acc' [Precision: 100%, Coverage: 0.14%]
R72: IF buying = 'high' AND maint = 'high' AND doors = '5more' AND persons = '4' AND lug_boot = 'med' -> evaluation = 'acc' [Precision: 100%, Coverage: 0.14%]
R73: IF buying = 'high' AND maint = 'high' AND doors = '4' AND persons = '4' AND lug_boot = 'med' -> evaluation = 'acc' [Precision: 100%, Coverage: 0.07%]
R74: IF buying = 'high' AND maint = 'med' AND doors = '2' AND persons = '4' AND lug_boot = 'big' -> evaluation = 'acc' [Precision: 100%, Coverage: 0.14%]
R75: IF buying = 'high' AND maint = 'med' AND doors = '3' AND persons = 'more' AND lug_boot = 'med' -> evaluation = 'acc' [Precision: 100%, Coverage: 0.07%]
R76: IF buying = 'high' AND maint = 'med' AND doors = '5more' AND persons = 'more' AND lug_boot = 'med' -> evaluation = 'acc' [Precision: 100%, Coverage: 0.14%]
R77: IF buying = 'high' AND maint = 'med' AND doors = '5more' AND persons = 'more' AND lug_boot = 'small' -> evaluation = 'unacc' [Precision: 100%, Coverage: 0.14%]
R78: IF buying = 'high' AND maint = 'med' AND doors = '4' AND persons = '4' AND lug_boot = 'med' -> evaluation = 'acc' [Precision: 100%, Coverage: 0.14%]
R79: IF buying = 'low' AND maint = 'low' AND doors = '5more' AND persons = '4' AND safety = 'high' -> evaluation = 'vgood' [Precision: 100%, Coverage: 0.14%]
R80: IF buying = 'low' AND maint = 'high' AND doors = '3' AND persons = 'more' AND safety = 'high' -> evaluation = 'vgood' [Precision: 100%, Coverage: 0.14%]
R81: IF buying = 'low' AND maint = 'high' AND doors = '3' AND persons = 'more' AND safety = 'med' -> evaluation = 'acc' [Precision: 100%, Coverage: 0.22%]
R82: IF buying = 'low' AND maint = 'high' AND doors = '3' AND persons = '4' AND safety = 'high' -> evaluation = 'acc' [Precision: 100%, Coverage: 0.07%]
R83: IF buying = 'low' AND maint = 'high' AND doors = '5more' AND persons = 'more' AND safety = 'med' -> evaluation = 'acc' [Precision: 100%, Coverage: 0.14%]
R84: IF buying = 'low' AND maint = 'high' AND doors = '5more' AND persons = '4' AND safety = 'high' -> evaluation = 'vgood' [Precision: 100%, Coverage: 0.07%]
R85: IF buying = 'low' AND maint = 'high' AND doors = '4' AND persons = 'more' AND safety = 'med' -> evaluation = 'acc' [Precision: 100%, Coverage: 0.14%]
R86: IF buying = 'low' AND maint = 'high' AND doors = '4' AND persons = '4' AND safety = 'high' -> evaluation = 'vgood' [Precision: 100%, Coverage: 0.07%]
R87: IF buying = 'low' AND maint = 'vhigh' AND doors = '2' AND persons = '4' AND safety = 'med' -> evaluation = 'unacc' [Precision: 100%, Coverage: 0.14%]
R88: IF buying = 'low' AND maint = 'med' AND doors = '5more' AND persons = 'more' AND safety = 'high' -> evaluation = 'vgood' [Precision: 100%, Coverage: 0.14%]
R89: IF buying = 'low' AND maint = 'med' AND doors = '4' AND persons = 'more' AND safety = 'high' -> evaluation = 'good' [Precision: 100%, Coverage: 0.07%]
R90: IF buying = 'low' AND maint = 'med' AND doors = '4' AND persons = '4' AND safety = 'high' -> evaluation = 'vgood' [Precision: 100%, Coverage: 0.14%]
R91: IF buying = 'low' AND maint = 'med' AND doors = '4' AND persons = '4' AND safety = 'med' -> evaluation = 'good' [Precision: 100%, Coverage: 0.14%]
R92: IF buying = 'med' AND maint = 'low' AND doors = '5more' AND persons = 'more' AND safety = 'high' -> evaluation = 'vgood' [Precision: 100%, Coverage: 0.14%]
R93: IF buying = 'med' AND maint = 'low' AND doors = '4' AND persons = '4' AND safety = 'med' -> evaluation = 'good' [Precision: 100%, Coverage: 0.14%]
R94: IF buying = 'med' AND maint = 'high' AND doors = '3' AND persons = 'more' AND safety = 'high' -> evaluation = 'acc' [Precision: 100%, Coverage: 0.14%]
R95: IF buying = 'med' AND maint = 'high' AND doors = '5more' AND persons = 'more' AND safety = 'high' -> evaluation = 'acc' [Precision: 100%, Coverage: 0.22%]
R96: IF buying = 'med' AND maint = 'high' AND doors = '4' AND persons = 'more' AND safety = 'high' -> evaluation = 'acc' [Precision: 100%, Coverage: 0.22%]
R97: IF buying = 'med' AND maint = 'vhigh' AND doors = '2' AND persons = 'more' AND safety = 'med' -> evaluation = 'unacc' [Precision: 100%, Coverage: 0.07%]
R98: IF buying = 'med' AND maint = 'vhigh' AND doors = '3' AND persons = 'more' AND safety = 'high' -> evaluation = 'acc' [Precision: 100%, Coverage: 0.14%]
R99: IF buying = 'med' AND maint = 'vhigh' AND doors = '3' AND persons = 'more' AND safety = 'med' -> evaluation = 'acc' [Precision: 100%, Coverage: 0.14%]
R100: IF buying = 'med' AND maint = 'vhigh' AND doors = '5more' AND persons = 'more' AND safety = 'high' -> evaluation = 'acc' [Precision: 100%, Coverage: 0.22%]
R101: IF buying = 'med' AND maint = 'vhigh' AND doors = '5more' AND persons = 'more' AND safety = 'med' -> evaluation = 'acc' [Precision: 100%, Coverage: 0.07%]
R102: IF buying = 'med' AND maint = 'vhigh' AND doors = '4' AND persons = 'more' AND safety = 'high' -> evaluation = 'acc' [Precision: 100%, Coverage: 0.22%]
R103: IF buying = 'med' AND maint = 'vhigh' AND doors = '4' AND persons = '4' AND safety = 'med' -> evaluation = 'acc' [Precision: 100%, Coverage: 0.07%]
R104: IF buying = 'med' AND maint = 'med' AND doors = '3' AND persons = 'more' AND safety = 'med' -> evaluation = 'acc' [Precision: 100%, Coverage: 0.22%]
R105: IF buying = 'med' AND maint = 'med' AND doors = '5more' AND persons = 'more' AND safety = 'med' -> evaluation = 'acc' [Precision: 100%, Coverage: 0.22%]
R106: IF buying = 'med' AND maint = 'med' AND doors = '5more' AND persons = '4' AND safety = 'high' -> evaluation = 'vgood' [Precision: 100%, Coverage: 0.14%]
R107: IF buying = 'med' AND maint = 'med' AND doors = '4' AND persons = 'more' AND safety = 'med' -> evaluation = 'acc' [Precision: 100%, Coverage: 0.14%]
R108: IF buying = 'vhigh' AND maint = 'low' AND doors = '3' AND persons = 'more' AND safety = 'high' -> evaluation = 'acc' [Precision: 100%, Coverage: 0.14%]
R109: IF buying = 'vhigh' AND maint = 'low' AND doors = '3' AND persons = 'more' AND safety = 'med' -> evaluation = 'acc' [Precision: 100%, Coverage: 0.07%]
R110: IF buying = 'vhigh' AND maint = 'low' AND doors = '5more' AND persons = 'more' AND safety = 'high' -> evaluation = 'acc' [Precision: 100%, Coverage: 0.22%]
R111: IF buying = 'vhigh' AND maint = 'low' AND doors = '4' AND persons = 'more' AND safety = 'high' -> evaluation = 'acc' [Precision: 100%, Coverage: 0.14%]
R112: IF buying = 'vhigh' AND maint = 'low' AND doors = '4' AND persons = '4' AND safety = 'med' -> evaluation = 'acc' [Precision: 100%, Coverage: 0.14%]
R113: IF buying = 'vhigh' AND maint = 'med' AND doors = '3' AND persons = 'more' AND safety = 'high' -> evaluation = 'acc' [Precision: 100%, Coverage: 0.22%]
R114: IF buying = 'vhigh' AND maint = 'med' AND doors = '5more' AND persons = 'more' AND safety = 'high' -> evaluation = 'acc' [Precision: 100%, Coverage: 0.14%]
R115: IF buying = 'vhigh' AND maint = 'med' AND doors = '5more' AND persons = '4' AND safety = 'med' -> evaluation = 'acc' [Precision: 100%, Coverage: 0.14%]
R116: IF buying = 'vhigh' AND maint = 'med' AND doors = '4' AND persons = 'more' AND safety = 'high' -> evaluation = 'acc' [Precision: 100%, Coverage: 0.07%]
R117: IF buying = 'high' AND maint = 'low' AND doors = '2' AND persons = 'more' AND safety = 'high' -> evaluation = 'unacc' [Precision: 100%, Coverage: 0.07%]
R118: IF buying = 'high' AND maint = 'low' AND doors = '3' AND persons = 'more' AND safety = 'med' -> evaluation = 'acc' [Precision: 100%, Coverage: 0.14%]
R119: IF buying = 'high' AND maint = 'low' AND doors = '5more' AND persons = 'more' AND safety = 'high' -> evaluation = 'acc' [Precision: 100%, Coverage: 0.14%]
R120: IF buying = 'high' AND maint = 'low' AND doors = '4' AND persons = 'more' AND safety = 'high' -> evaluation = 'acc' [Precision: 100%, Coverage: 0.22%]
R121: IF buying = 'high' AND maint = 'high' AND doors = '2' AND persons = 'more' AND safety = 'med' -> evaluation = 'acc' [Precision: 100%, Coverage: 0.07%]
R122: IF buying = 'high' AND maint = 'high' AND doors = '2' AND persons = '4' AND safety = 'med' -> evaluation = 'unacc' [Precision: 100%, Coverage: 0.14%]
R123: IF buying = 'high' AND maint = 'med' AND doors = '2' AND persons = 'more' AND safety = 'med' -> evaluation = 'unacc' [Precision: 100%, Coverage: 0.14%]
R124: IF buying = 'high' AND maint = 'med' AND doors = '3' AND persons = 'more' AND safety = 'high' -> evaluation = 'acc' [Precision: 100%, Coverage: 0.14%]
R125: IF buying = 'high' AND maint = 'med' AND doors = '5more' AND persons = 'more' AND safety = 'high' -> evaluation = 'acc' [Precision: 100%, Coverage: 0.07%]
R126: IF buying = 'high' AND maint = 'med' AND doors = '5more' AND persons = '4' AND safety = 'med' -> evaluation = 'acc' [Precision: 100%, Coverage: 0.14%]
R127: IF buying = 'high' AND maint = 'med' AND doors = '4' AND persons = 'more' AND safety = 'high' -> evaluation = 'acc' [Precision: 100%, Coverage: 0.22%]
R128: IF buying = 'low' AND maint = 'low' AND doors = '2' AND lug_boot = 'med' AND safety = 'med' -> evaluation = 'acc' [Precision: 100%, Coverage: 0.14%]
R129: IF buying = 'low' AND maint = 'low' AND doors = '3' AND lug_boot = 'small' AND safety = 'med' -> evaluation = 'acc' [Precision: 100%, Coverage: 0.14%]
R130: IF buying = 'low' AND maint = 'low' AND doors = '5more' AND lug_boot = 'med' AND safety = 'med' -> evaluation = 'good' [Precision: 100%, Coverage: 0.14%]
R131: IF buying = 'low' AND maint = 'low' AND doors = '4' AND lug_boot = 'big' AND safety = 'med' -> evaluation = 'good' [Precision: 100%, Coverage: 0.14%]
R132: IF buying = 'low' AND maint = 'low' AND doors = '4' AND lug_boot = 'small' AND safety = 'med' -> evaluation = 'acc' [Precision: 100%, Coverage: 0.14%]
R133: IF buying = 'low' AND maint = 'high' AND doors = '3' AND lug_boot = 'med' AND safety = 'med' -> evaluation = 'acc' [Precision: 100%, Coverage: 0.14%]
R134: IF buying = 'low' AND maint = 'high' AND doors = '4' AND lug_boot = 'med' AND safety = 'med' -> evaluation = 'acc' [Precision: 100%, Coverage: 0.14%]
R135: IF buying = 'low' AND maint = 'high' AND doors = '4' AND lug_boot = 'big' AND safety = 'high' -> evaluation = 'vgood' [Precision: 100%, Coverage: 0.14%]
R136: IF buying = 'low' AND maint = 'vhigh' AND doors = '2' AND lug_boot = 'big' AND safety = 'high' -> evaluation = 'acc' [Precision: 100%, Coverage: 0.07%]
R137: IF buying = 'low' AND maint = 'vhigh' AND doors = '3' AND lug_boot = 'med' AND safety = 'med' -> evaluation = 'unacc' [Precision: 100%, Coverage: 0.14%]
R138: IF buying = 'low' AND maint = 'vhigh' AND doors = '3' AND lug_boot = 'big' AND safety = 'high' -> evaluation = 'acc' [Precision: 100%, Coverage: 0.14%]
R139: IF buying = 'low' AND maint = 'vhigh' AND doors = '5more' AND lug_boot = 'med' AND safety = 'med' -> evaluation = 'acc' [Precision: 100%, Coverage: 0.14%]
R140: IF buying = 'low' AND maint = 'vhigh' AND doors = '4' AND lug_boot = 'small' AND safety = 'high' -> evaluation = 'acc' [Precision: 100%, Coverage: 0.14%]
R141: IF buying = 'low' AND maint = 'med' AND doors = '2' AND lug_boot = 'med' AND safety = 'med' -> evaluation = 'acc' [Precision: 100%, Coverage: 0.14%]
R142: IF buying = 'low' AND maint = 'med' AND doors = '5more' AND lug_boot = 'med' AND safety = 'high' -> evaluation = 'vgood' [Precision: 100%, Coverage: 0.14%]
R143: IF buying = 'low' AND maint = 'med' AND doors = '4' AND lug_boot = 'med' AND safety = 'med' -> evaluation = 'good' [Precision: 100%, Coverage: 0.14%]
R144: IF buying = 'low' AND maint = 'med' AND doors = '4' AND lug_boot = 'big' AND safety = 'high' -> evaluation = 'vgood' [Precision: 100%, Coverage: 0.07%]
R145: IF buying = 'med' AND maint = 'low' AND doors = '2' AND lug_boot = 'small' AND safety = 'med' -> evaluation = 'unacc' [Precision: 100%, Coverage: 0.07%]
R146: IF buying = 'med' AND maint = 'low' AND doors = '3' AND lug_boot = 'small' AND safety = 'med' -> evaluation = 'acc' [Precision: 100%, Coverage: 0.14%]
R147: IF buying = 'med' AND maint = 'low' AND doors = '4' AND lug_boot = 'big' AND safety = 'high' -> evaluation = 'vgood' [Precision: 100%, Coverage: 0.14%]
R148: IF buying = 'med' AND maint = 'high' AND doors = '2' AND lug_boot = 'med' AND safety = 'med' -> evaluation = 'unacc' [Precision: 100%, Coverage: 0.14%]
R149: IF buying = 'med' AND maint = 'high' AND doors = '3' AND lug_boot = 'med' AND safety = 'high' -> evaluation = 'acc' [Precision: 100%, Coverage: 0.07%]
R150: IF buying = 'med' AND maint = 'high' AND doors = '3' AND lug_boot = 'big' AND safety = 'high' -> evaluation = 'acc' [Precision: 100%, Coverage: 0.14%]
R151: IF buying = 'med' AND maint = 'high' AND doors = '5more' AND lug_boot = 'big' AND safety = 'med' -> evaluation = 'acc' [Precision: 100%, Coverage: 0.14%]
R152: IF buying = 'med' AND maint = 'high' AND doors = '4' AND lug_boot = 'big' AND safety = 'med' -> evaluation = 'acc' [Precision: 100%, Coverage: 0.14%]
R153: IF buying = 'med' AND maint = 'vhigh' AND doors = '2' AND lug_boot = 'big' AND safety = 'high' -> evaluation = 'acc' [Precision: 100%, Coverage: 0.14%]
R154: IF buying = 'med' AND maint = 'vhigh' AND doors = '3' AND lug_boot = 'big' AND safety = 'high' -> evaluation = 'unacc' [Precision: 100%, Coverage: 0.07%]
R155: IF buying = 'med' AND maint = 'vhigh' AND doors = '5more' AND lug_boot = 'med' AND safety = 'med' -> evaluation = 'acc' [Precision: 100%, Coverage: 0.07%]
R156: IF buying = 'med' AND maint = 'vhigh' AND doors = '5more' AND lug_boot = 'big' AND safety = 'med' -> evaluation = 'acc' [Precision: 100%, Coverage: 0.14%]
R157: IF buying = 'med' AND maint = 'vhigh' AND doors = '4' AND lug_boot = 'big' AND safety = 'med' -> evaluation = 'acc' [Precision: 100%, Coverage: 0.14%]
R158: IF buying = 'med' AND maint = 'med' AND doors = '2' AND lug_boot = 'med' AND safety = 'high' -> evaluation = 'acc' [Precision: 100%, Coverage: 0.07%]
R159: IF buying = 'med' AND maint = 'med' AND doors = '3' AND lug_boot = 'med' AND safety = 'med' -> evaluation = 'acc' [Precision: 100%, Coverage: 0.14%]
R160: IF buying = 'med' AND maint = 'med' AND doors = '5more' AND lug_boot = 'small' AND safety = 'med' -> evaluation = 'acc' [Precision: 100%, Coverage: 0.07%]
R161: IF buying = 'med' AND maint = 'med' AND doors = '4' AND lug_boot = 'med' AND safety = 'med' -> evaluation = 'acc' [Precision: 100%, Coverage: 0.14%]
R162: IF buying = 'med' AND maint = 'med' AND doors = '4' AND lug_boot = 'big' AND safety = 'med' -> evaluation = 'acc' [Precision: 100%, Coverage: 0.14%]
R163: IF buying = 'vhigh' AND maint = 'low' AND doors = '2' AND lug_boot = 'med' AND safety = 'high' -> evaluation = 'acc' [Precision: 100%, Coverage: 0.14%]
R164: IF buying = 'vhigh' AND maint = 'low' AND doors = '3' AND lug_boot = 'med' AND safety = 'med' -> evaluation = 'unacc' [Precision: 100%, Coverage: 0.14%]
R165: IF buying = 'vhigh' AND maint = 'low' AND doors = '3' AND lug_boot = 'big' AND safety = 'high' -> evaluation = 'unacc' [Precision: 100%, Coverage: 0.07%]
R166: IF buying = 'vhigh' AND maint = 'low' AND doors = '4' AND lug_boot = 'med' AND safety = 'high' -> evaluation = 'acc' [Precision: 100%, Coverage: 0.14%]
R167: IF buying = 'vhigh' AND maint = 'med' AND doors = '2' AND lug_boot = 'med' AND safety = 'high' -> evaluation = 'acc' [Precision: 100%, Coverage: 0.14%]
R168: IF buying = 'vhigh' AND maint = 'med' AND doors = '5more' AND lug_boot = 'big' AND safety = 'high' -> evaluation = 'unacc' [Precision: 100%, Coverage: 0.07%]
R169: IF buying = 'vhigh' AND maint = 'med' AND doors = '4' AND lug_boot = 'med' AND safety = 'high' -> evaluation = 'acc' [Precision: 100%, Coverage: 0.14%]
R170: IF buying = 'vhigh' AND maint = 'med' AND doors = '4' AND lug_boot = 'med' AND safety = 'med' -> evaluation = 'acc' [Precision: 100%, Coverage: 0.14%]
R171: IF buying = 'vhigh' AND maint = 'med' AND doors = '4' AND lug_boot = 'big' AND safety = 'high' -> evaluation = 'unacc' [Precision: 100%, Coverage: 0.07%]
R172: IF buying = 'vhigh' AND maint = 'med' AND doors = '4' AND lug_boot = 'big' AND safety = 'med' -> evaluation = 'acc' [Precision: 100%, Coverage: 0.07%]
R173: IF buying = 'high' AND maint = 'low' AND doors = '2' AND lug_boot = 'big' AND safety = 'med' -> evaluation = 'acc' [Precision: 100%, Coverage: 0.14%]
R174: IF buying = 'high' AND maint = 'low' AND doors = '3' AND lug_boot = 'med' AND safety = 'high' -> evaluation = 'unacc' [Precision: 100%, Coverage: 0.07%]
R175: IF buying = 'high' AND maint = 'low' AND doors = '3' AND lug_boot = 'big' AND safety = 'high' -> evaluation = 'acc' [Precision: 100%, Coverage: 0.07%]
R176: IF buying = 'high' AND maint = 'low' AND doors = '5more' AND lug_boot = 'med' AND safety = 'med' -> evaluation = 'unacc' [Precision: 100%, Coverage: 0.07%]
R177: IF buying = 'high' AND maint = 'low' AND doors = '5more' AND lug_boot = 'big' AND safety = 'high' -> evaluation = 'acc' [Precision: 100%, Coverage: 0.14%]
R178: IF buying = 'high' AND maint = 'low' AND doors = '4' AND lug_boot = 'small' AND safety = 'high' -> evaluation = 'acc' [Precision: 100%, Coverage: 0.07%]
R179: IF buying = 'high' AND maint = 'high' AND doors = '2' AND lug_boot = 'big' AND safety = 'med' -> evaluation = 'acc' [Precision: 100%, Coverage: 0.07%]
R180: IF buying = 'high' AND maint = 'high' AND doors = '5more' AND lug_boot = 'big' AND safety = 'med' -> evaluation = 'acc' [Precision: 100%, Coverage: 0.07%]
R181: IF buying = 'high' AND maint = 'high' AND doors = '5more' AND lug_boot = 'small' AND safety = 'high' -> evaluation = 'acc' [Precision: 100%, Coverage: 0.14%]
R182: IF buying = 'high' AND maint = 'high' AND doors = '4' AND lug_boot = 'med' AND safety = 'high' -> evaluation = 'acc' [Precision: 100%, Coverage: 0.07%]
R183: IF buying = 'high' AND maint = 'high' AND doors = '4' AND lug_boot = 'med' AND safety = 'med' -> evaluation = 'acc' [Precision: 100%, Coverage: 0.07%]
R184: IF buying = 'high' AND maint = 'med' AND doors = '3' AND lug_boot = 'med' AND safety = 'med' -> evaluation = 'unacc' [Precision: 100%, Coverage: 0.14%]
R185: IF buying = 'high' AND maint = 'med' AND doors = '5more' AND lug_boot = 'med' AND safety = 'high' -> evaluation = 'acc' [Precision: 100%, Coverage: 0.14%]
R186: IF buying = 'high' AND maint = 'med' AND doors = '4' AND lug_boot = 'big' AND safety = 'high' -> evaluation = 'acc' [Precision: 100%, Coverage: 0.07%]
R187: IF buying = 'low' AND maint = 'low' AND persons = 'more' AND lug_boot = 'big' AND safety = 'high' -> evaluation = 'vgood' [Precision: 100%, Coverage: 0.29%]
R188: IF buying = 'low' AND maint = 'low' AND persons = 'more' AND lug_boot = 'big' AND safety = 'med' -> evaluation = 'good' [Precision: 100%, Coverage: 0.29%]
R189: IF buying = 'low' AND maint = 'low' AND persons = '4' AND lug_boot = 'big' AND safety = 'high' -> evaluation = 'vgood' [Precision: 100%, Coverage: 0.29%]
R190: IF buying = 'low' AND maint = 'low' AND persons = '4' AND lug_boot = 'big' AND safety = 'med' -> evaluation = 'good' [Precision: 100%, Coverage: 0.29%]
R191: IF buying = 'low' AND maint = 'low' AND persons = '4' AND lug_boot = 'small' AND safety = 'high' -> evaluation = 'good' [Precision: 100%, Coverage: 0.22%]
R192: IF buying = 'low' AND maint = 'low' AND persons = '4' AND lug_boot = 'small' AND safety = 'med' -> evaluation = 'acc' [Precision: 100%, Coverage: 0.29%]
R193: IF buying = 'low' AND maint = 'high' AND persons = 'more' AND lug_boot = 'med' AND safety = 'med' -> evaluation = 'acc' [Precision: 100%, Coverage: 0.29%]
R194: IF buying = 'low' AND maint = 'high' AND persons = 'more' AND lug_boot = 'big' AND safety = 'high' -> evaluation = 'vgood' [Precision: 100%, Coverage: 0.29%]
R195: IF buying = 'low' AND maint = 'high' AND persons = 'more' AND lug_boot = 'big' AND safety = 'med' -> evaluation = 'acc' [Precision: 100%, Coverage: 0.14%]
R196: IF buying = 'low' AND maint = 'high' AND persons = '4' AND lug_boot = 'big' AND safety = 'high' -> evaluation = 'vgood' [Precision: 100%, Coverage: 0.22%]
R197: IF buying = 'low' AND maint = 'high' AND persons = '4' AND lug_boot = 'small' AND safety = 'high' -> evaluation = 'acc' [Precision: 100%, Coverage: 0.14%]
R198: IF buying = 'low' AND maint = 'vhigh' AND persons = 'more' AND lug_boot = 'big' AND safety = 'med' -> evaluation = 'acc' [Precision: 100%, Coverage: 0.29%]
R199: IF buying = 'low' AND maint = 'vhigh' AND persons = '4' AND lug_boot = 'big' AND safety = 'med' -> evaluation = 'acc' [Precision: 100%, Coverage: 0.22%]
R200: IF buying = 'low' AND maint = 'med' AND persons = 'more' AND lug_boot = 'big' AND safety = 'high' -> evaluation = 'vgood' [Precision: 100%, Coverage: 0.14%]
R201: IF buying = 'low' AND maint = 'med' AND persons = 'more' AND lug_boot = 'big' AND safety = 'med' -> evaluation = 'good' [Precision: 100%, Coverage: 0.22%]
R202: IF buying = 'low' AND maint = 'med' AND persons = '4' AND lug_boot = 'big' AND safety = 'high' -> evaluation = 'vgood' [Precision: 100%, Coverage: 0.29%]
R203: IF buying = 'low' AND maint = 'med' AND persons = '4' AND lug_boot = 'big' AND safety = 'med' -> evaluation = 'good' [Precision: 100%, Coverage: 0.22%]
R204: IF buying = 'low' AND maint = 'med' AND persons = '4' AND lug_boot = 'small' AND safety = 'high' -> evaluation = 'good' [Precision: 100%, Coverage: 0.22%]
R205: IF buying = 'low' AND maint = 'med' AND persons = '4' AND lug_boot = 'small' AND safety = 'med' -> evaluation = 'acc' [Precision: 100%, Coverage: 0.14%]
R206: IF buying = 'med' AND maint = 'low' AND persons = 'more' AND lug_boot = 'big' AND safety = 'high' -> evaluation = 'vgood' [Precision: 100%, Coverage: 0.22%]
R207: IF buying = 'med' AND maint = 'low' AND persons = 'more' AND lug_boot = 'big' AND safety = 'med' -> evaluation = 'good' [Precision: 100%, Coverage: 0.29%]
R208: IF buying = 'med' AND maint = 'low' AND persons = 'more' AND lug_boot = 'small' AND safety = 'high' -> evaluation = 'good' [Precision: 100%, Coverage: 0.14%]
R209: IF buying = 'med' AND maint = 'low' AND persons = 'more' AND lug_boot = 'small' AND safety = 'med' -> evaluation = 'acc' [Precision: 100%, Coverage: 0.22%]
R210: IF buying = 'med' AND maint = 'low' AND persons = '4' AND lug_boot = 'big' AND safety = 'high' -> evaluation = 'vgood' [Precision: 100%, Coverage: 0.29%]
R211: IF buying = 'med' AND maint = 'low' AND persons = '4' AND lug_boot = 'big' AND safety = 'med' -> evaluation = 'good' [Precision: 100%, Coverage: 0.22%]
R212: IF buying = 'med' AND maint = 'low' AND persons = '4' AND lug_boot = 'small' AND safety = 'high' -> evaluation = 'good' [Precision: 100%, Coverage: 0.29%]
R213: IF buying = 'med' AND maint = 'low' AND persons = '4' AND lug_boot = 'small' AND safety = 'med' -> evaluation = 'acc' [Precision: 100%, Coverage: 0.14%]
R214: IF buying = 'med' AND maint = 'high' AND persons = 'more' AND lug_boot = 'med' AND safety = 'high' -> evaluation = 'acc' [Precision: 100%, Coverage: 0.22%]
R215: IF buying = 'med' AND maint = 'high' AND persons = 'more' AND lug_boot = 'big' AND safety = 'high' -> evaluation = 'acc' [Precision: 100%, Coverage: 0.29%]
R216: IF buying = 'med' AND maint = 'high' AND persons = 'more' AND lug_boot = 'big' AND safety = 'med' -> evaluation = 'acc' [Precision: 100%, Coverage: 0.29%]
R217: IF buying = 'med' AND maint = 'high' AND persons = '4' AND lug_boot = 'big' AND safety = 'med' -> evaluation = 'acc' [Precision: 100%, Coverage: 0.29%]
R218: IF buying = 'med' AND maint = 'vhigh' AND persons = 'more' AND lug_boot = 'med' AND safety = 'high' -> evaluation = 'acc' [Precision: 100%, Coverage: 0.29%]
R219: IF buying = 'med' AND maint = 'vhigh' AND persons = 'more' AND lug_boot = 'med' AND safety = 'med' -> evaluation = 'acc' [Precision: 100%, Coverage: 0.14%]
R220: IF buying = 'med' AND maint = 'vhigh' AND persons = 'more' AND lug_boot = 'big' AND safety = 'high' -> evaluation = 'acc' [Precision: 100%, Coverage: 0.22%]
R221: IF buying = 'med' AND maint = 'vhigh' AND persons = 'more' AND lug_boot = 'big' AND safety = 'med' -> evaluation = 'acc' [Precision: 100%, Coverage: 0.22%]
R222: IF buying = 'med' AND maint = 'vhigh' AND persons = '4' AND lug_boot = 'big' AND safety = 'med' -> evaluation = 'acc' [Precision: 100%, Coverage: 0.29%]
R223: IF buying = 'med' AND maint = 'med' AND persons = 'more' AND lug_boot = 'med' AND safety = 'med' -> evaluation = 'acc' [Precision: 100%, Coverage: 0.29%]
R224: IF buying = 'med' AND maint = 'med' AND persons = 'more' AND lug_boot = 'big' AND safety = 'high' -> evaluation = 'vgood' [Precision: 100%, Coverage: 0.22%]
R225: IF buying = 'med' AND maint = 'med' AND persons = 'more' AND lug_boot = 'big' AND safety = 'med' -> evaluation = 'acc' [Precision: 100%, Coverage: 0.29%]
R226: IF buying = 'med' AND maint = 'med' AND persons = '4' AND lug_boot = 'big' AND safety = 'high' -> evaluation = 'vgood' [Precision: 100%, Coverage: 0.29%]
R227: IF buying = 'med' AND maint = 'med' AND persons = '4' AND lug_boot = 'small' AND safety = 'high' -> evaluation = 'acc' [Precision: 100%, Coverage: 0.22%]
R228: IF buying = 'vhigh' AND maint = 'low' AND persons = 'more' AND lug_boot = 'med' AND safety = 'high' -> evaluation = 'acc' [Precision: 100%, Coverage: 0.29%]
R229: IF buying = 'vhigh' AND maint = 'low' AND persons = 'more' AND lug_boot = 'big' AND safety = 'high' -> evaluation = 'acc' [Precision: 100%, Coverage: 0.22%]
R230: IF buying = 'vhigh' AND maint = 'low' AND persons = 'more' AND lug_boot = 'big' AND safety = 'med' -> evaluation = 'acc' [Precision: 100%, Coverage: 0.22%]
R231: IF buying = 'vhigh' AND maint = 'low' AND persons = '4' AND lug_boot = 'big' AND safety = 'med' -> evaluation = 'acc' [Precision: 100%, Coverage: 0.22%]
R232: IF buying = 'vhigh' AND maint = 'med' AND persons = 'more' AND lug_boot = 'med' AND safety = 'high' -> evaluation = 'acc' [Precision: 100%, Coverage: 0.29%]
R233: IF buying = 'vhigh' AND maint = 'med' AND persons = 'more' AND lug_boot = 'big' AND safety = 'high' -> evaluation = 'acc' [Precision: 100%, Coverage: 0.14%]
R234: IF buying = 'vhigh' AND maint = 'med' AND persons = 'more' AND lug_boot = 'big' AND safety = 'med' -> evaluation = 'acc' [Precision: 100%, Coverage: 0.29%]
R235: IF buying = 'vhigh' AND maint = 'med' AND persons = '4' AND lug_boot = 'big' AND safety = 'med' -> evaluation = 'acc' [Precision: 100%, Coverage: 0.14%]
R236: IF buying = 'high' AND maint = 'low' AND persons = 'more' AND lug_boot = 'med' AND safety = 'high' -> evaluation = 'acc' [Precision: 100%, Coverage: 0.07%]
R237: IF buying = 'high' AND maint = 'low' AND persons = 'more' AND lug_boot = 'med' AND safety = 'med' -> evaluation = 'acc' [Precision: 100%, Coverage: 0.14%]
R238: IF buying = 'high' AND maint = 'low' AND persons = 'more' AND lug_boot = 'big' AND safety = 'high' -> evaluation = 'acc' [Precision: 100%, Coverage: 0.14%]
R239: IF buying = 'high' AND maint = 'low' AND persons = 'more' AND lug_boot = 'big' AND safety = 'med' -> evaluation = 'acc' [Precision: 100%, Coverage: 0.22%]
R240: IF buying = 'high' AND maint = 'low' AND persons = '4' AND lug_boot = 'big' AND safety = 'med' -> evaluation = 'acc' [Precision: 100%, Coverage: 0.29%]
R241: IF buying = 'high' AND maint = 'high' AND persons = 'more' AND lug_boot = 'med' AND safety = 'med' -> evaluation = 'acc' [Precision: 100%, Coverage: 0.22%]
R242: IF buying = 'high' AND maint = 'high' AND persons = 'more' AND lug_boot = 'big' AND safety = 'med' -> evaluation = 'acc' [Precision: 100%, Coverage: 0.29%]
R243: IF buying = 'high' AND maint = 'high' AND persons = '4' AND lug_boot = 'big' AND safety = 'med' -> evaluation = 'acc' [Precision: 100%, Coverage: 0.14%]
R244: IF buying = 'high' AND maint = 'med' AND persons = 'more' AND lug_boot = 'med' AND safety = 'high' -> evaluation = 'acc' [Precision: 100%, Coverage: 0.29%]
R245: IF buying = 'high' AND maint = 'med' AND persons = 'more' AND lug_boot = 'big' AND safety = 'high' -> evaluation = 'acc' [Precision: 100%, Coverage: 0.14%]
R246: IF buying = 'high' AND maint = 'med' AND persons = 'more' AND lug_boot = 'big' AND safety = 'med' -> evaluation = 'acc' [Precision: 100%, Coverage: 0.14%]
R247: IF buying = 'high' AND maint = 'med' AND persons = '4' AND lug_boot = 'big' AND safety = 'med' -> evaluation = 'acc' [Precision: 100%, Coverage: 0.29%]
R248: IF buying = 'low' AND doors = '2' AND persons = '4' AND lug_boot = 'big' AND safety = 'high' -> evaluation = 'vgood' [Precision: 100%, Coverage: 0.22%]
R249: IF buying = 'low' AND doors = '2' AND persons = '4' AND lug_boot = 'big' AND safety = 'med' -> evaluation = 'good' [Precision: 100%, Coverage: 0.14%]
R250: IF buying = 'low' AND doors = '3' AND persons = 'more' AND lug_boot = 'med' AND safety = 'high' -> evaluation = 'vgood' [Precision: 100%, Coverage: 0.07%]
R251: IF buying = 'low' AND doors = '5more' AND persons = 'more' AND lug_boot = 'med' AND safety = 'high' -> evaluation = 'vgood' [Precision: 100%, Coverage: 0.22%]
R252: IF buying = 'low' AND doors = '4' AND persons = 'more' AND lug_boot = 'med' AND safety = 'high' -> evaluation = 'vgood' [Precision: 100%, Coverage: 0.14%]
R253: IF buying = 'med' AND doors = '2' AND persons = '4' AND lug_boot = 'big' AND safety = 'med' -> evaluation = 'acc' [Precision: 100%, Coverage: 0.22%]
R254: IF buying = 'med' AND doors = '5more' AND persons = 'more' AND lug_boot = 'small' AND safety = 'high' -> evaluation = 'acc' [Precision: 100%, Coverage: 0.22%]
R255: IF buying = 'vhigh' AND doors = '3' AND persons = '4' AND lug_boot = 'med' AND safety = 'high' -> evaluation = 'acc' [Precision: 100%, Coverage: 0.07%]
R256: IF buying = 'vhigh' AND doors = '3' AND persons = '4' AND lug_boot = 'med' AND safety = 'med' -> evaluation = 'unacc' [Precision: 100%, Coverage: 0.22%]
R257: IF buying = 'vhigh' AND doors = '3' AND persons = '4' AND lug_boot = 'big' AND safety = 'med' -> evaluation = 'acc' [Precision: 100%, Coverage: 0.14%]
R258: IF buying = 'high' AND doors = '2' AND persons = 'more' AND lug_boot = 'med' AND safety = 'high' -> evaluation = 'acc' [Precision: 100%, Coverage: 0.14%]
R259: IF buying = 'high' AND doors = '2' AND persons = '4' AND lug_boot = 'big' AND safety = 'med' -> evaluation = 'acc' [Precision: 100%, Coverage: 0.14%]
R260: IF buying = 'high' AND doors = '3' AND persons = '4' AND lug_boot = 'med' AND safety = 'med' -> evaluation = 'unacc' [Precision: 100%, Coverage: 0.29%]
R261: IF buying = 'high' AND doors = '4' AND persons = 'more' AND lug_boot = 'med' AND safety = 'high' -> evaluation = 'acc' [Precision: 100%, Coverage: 0.14%]
R262: IF buying = 'high' AND doors = '4' AND persons = 'more' AND lug_boot = 'med' AND safety = 'med' -> evaluation = 'acc' [Precision: 100%, Coverage: 0.22%]
R263: IF maint = 'low' AND doors = '2' AND persons = '4' AND lug_boot = 'small' AND safety = 'high' -> evaluation = 'good' [Precision: 100%, Coverage: 0.14%]
R264: IF maint = 'low' AND doors = '3' AND persons = 'more' AND lug_boot = 'big' AND safety = 'high' -> evaluation = 'vgood' [Precision: 100%, Coverage: 0.07%]
R265: IF maint = 'low' AND doors = '3' AND persons = 'more' AND lug_boot = 'small' AND safety = 'med' -> evaluation = 'acc' [Precision: 100%, Coverage: 0.14%]
R266: IF maint = 'high' AND doors = '2' AND persons = '4' AND lug_boot = 'med' AND safety = 'med' -> evaluation = 'unacc' [Precision: 100%, Coverage: 0.14%]
R267: IF maint = 'high' AND doors = '3' AND persons = 'more' AND lug_boot = 'big' AND safety = 'med' -> evaluation = 'acc' [Precision: 100%, Coverage: 0.22%]
R268: IF maint = 'high' AND doors = '3' AND persons = '4' AND lug_boot = 'med' AND safety = 'high' -> evaluation = 'acc' [Precision: 100%, Coverage: 0.14%]
R269: IF maint = 'high' AND doors = '3' AND persons = '4' AND lug_boot = 'big' AND safety = 'med' -> evaluation = 'acc' [Precision: 100%, Coverage: 0.14%]
R270: IF maint = 'high' AND doors = '3' AND persons = '4' AND lug_boot = 'small' AND safety = 'high' -> evaluation = 'acc' [Precision: 100%, Coverage: 0.22%]
R271: IF maint = 'high' AND doors = '5more' AND persons = 'more' AND lug_boot = 'small' AND safety = 'high' -> evaluation = 'acc' [Precision: 100%, Coverage: 0.22%]
R272: IF maint = 'high' AND doors = '5more' AND persons = '4' AND lug_boot = 'med' AND safety = 'high' -> evaluation = 'acc' [Precision: 100%, Coverage: 0.07%]
R273: IF maint = 'high' AND doors = '4' AND persons = '4' AND lug_boot = 'med' AND safety = 'high' -> evaluation = 'acc' [Precision: 100%, Coverage: 0.07%]
R274: IF maint = 'vhigh' AND doors = '2' AND persons = 'more' AND lug_boot = 'med' AND safety = 'high' -> evaluation = 'acc' [Precision: 100%, Coverage: 0.14%]
R275: IF maint = 'vhigh' AND doors = '3' AND persons = '4' AND lug_boot = 'med' AND safety = 'med' -> evaluation = 'unacc' [Precision: 100%, Coverage: 0.29%]
R276: IF maint = 'med' AND doors = '2' AND persons = 'more' AND lug_boot = 'big' AND safety = 'high' -> evaluation = 'acc' [Precision: 100%, Coverage: 0.14%]
R277: IF maint = 'med' AND doors = '3' AND persons = '4' AND lug_boot = 'small' AND safety = 'med' -> evaluation = 'unacc' [Precision: 100%, Coverage: 0.14%]
R278: IF maint = 'med' AND doors = '5more' AND persons = 'more' AND lug_boot = 'big' AND safety = 'high' -> evaluation = 'vgood' [Precision: 100%, Coverage: 0.14%]
R279: IF maint = 'med' AND doors = '5more' AND persons = 'more' AND lug_boot = 'small' AND safety = 'high' -> evaluation = 'acc' [Precision: 100%, Coverage: 0.14%]
R280: IF maint = 'med' AND doors = '5more' AND persons = '4' AND lug_boot = 'big' AND safety = 'med' -> evaluation = 'acc' [Precision: 100%, Coverage: 0.22%]
R281: IF maint = 'med' AND doors = '5more' AND persons = '4' AND lug_boot = 'small' AND safety = 'med' -> evaluation = 'acc' [Precision: 100%, Coverage: 0.07%]
R282: IF maint = 'med' AND doors = '4' AND persons = 'more' AND lug_boot = 'big' AND safety = 'med' -> evaluation = 'acc' [Precision: 100%, Coverage: 0.14%]
R283: IF maint = 'med' AND doors = '4' AND persons = '4' AND lug_boot = 'big' AND safety = 'high' -> evaluation = 'vgood' [Precision: 100%, Coverage: 0.14%]
R284: IF maint = 'med' AND doors = '4' AND persons = '4' AND lug_boot = 'small' AND safety = 'high' -> evaluation = 'acc' [Precision: 100%, Coverage: 0.22%]
R285: IF buying = 'low' AND maint = 'low' AND doors = '2' AND persons = 'more' AND lug_boot = 'med' AND safety = 'high' -> evaluation = 'good' [Precision: 100%, Coverage: 0.07%]
R286: IF buying = 'low' AND maint = 'low' AND doors = '2' AND persons = '4' AND lug_boot = 'med' AND safety = 'high' -> evaluation = 'good' [Precision: 100%, Coverage: 0.07%]
R287: IF buying = 'low' AND maint = 'low' AND doors = '3' AND persons = 'more' AND lug_boot = 'med' AND safety = 'med' -> evaluation = 'good' [Precision: 100%, Coverage: 0.07%]
R288: IF buying = 'low' AND maint = 'low' AND doors = '3' AND persons = 'more' AND lug_boot = 'small' AND safety = 'high' -> evaluation = 'good' [Precision: 100%, Coverage: 0.07%]
R289: IF buying = 'low' AND maint = 'low' AND doors = '3' AND persons = '4' AND lug_boot = 'med' AND safety = 'high' -> evaluation = 'good' [Precision: 100%, Coverage: 0.07%]
R290: IF buying = 'low' AND maint = 'low' AND doors = '3' AND persons = '4' AND lug_boot = 'med' AND safety = 'med' -> evaluation = 'acc' [Precision: 100%, Coverage: 0.07%]
R291: IF buying = 'low' AND maint = 'low' AND doors = '5more' AND persons = 'more' AND lug_boot = 'small' AND safety = 'high' -> evaluation = 'good' [Precision: 100%, Coverage: 0.07%]
R292: IF buying = 'low' AND maint = 'low' AND doors = '5more' AND persons = 'more' AND lug_boot = 'small' AND safety = 'med' -> evaluation = 'acc' [Precision: 100%, Coverage: 0.07%]
R293: IF buying = 'low' AND maint = 'low' AND doors = '4' AND persons = 'more' AND lug_boot = 'med' AND safety = 'med' -> evaluation = 'good' [Precision: 100%, Coverage: 0.07%]
R294: IF buying = 'low' AND maint = 'low' AND doors = '4' AND persons = 'more' AND lug_boot = 'small' AND safety = 'high' -> evaluation = 'good' [Precision: 100%, Coverage: 0.07%]
R295: IF buying = 'low' AND maint = 'low' AND doors = '4' AND persons = '4' AND lug_boot = 'med' AND safety = 'high' -> evaluation = 'vgood' [Precision: 100%, Coverage: 0.07%]
R296: IF buying = 'low' AND maint = 'med' AND doors = '2' AND persons = 'more' AND lug_boot = 'med' AND safety = 'high' -> evaluation = 'good' [Precision: 100%, Coverage: 0.07%]
R297: IF buying = 'low' AND maint = 'med' AND doors = '2' AND persons = '4' AND lug_boot = 'med' AND safety = 'high' -> evaluation = 'good' [Precision: 100%, Coverage: 0.07%]
R298: IF buying = 'low' AND maint = 'med' AND doors = '3' AND persons = 'more' AND lug_boot = 'med' AND safety = 'med' -> evaluation = 'good' [Precision: 100%, Coverage: 0.07%]
R299: IF buying = 'low' AND maint = 'med' AND doors = '3' AND persons = 'more' AND lug_boot = 'small' AND safety = 'high' -> evaluation = 'good' [Precision: 100%, Coverage: 0.07%]
R300: IF buying = 'low' AND maint = 'med' AND doors = '3' AND persons = 'more' AND lug_boot = 'small' AND safety = 'med' -> evaluation = 'acc' [Precision: 100%, Coverage: 0.07%]
R301: IF buying = 'low' AND maint = 'med' AND doors = '3' AND persons = '4' AND lug_boot = 'med' AND safety = 'high' -> evaluation = 'good' [Precision: 100%, Coverage: 0.07%]
R302: IF buying = 'low' AND maint = 'med' AND doors = '3' AND persons = '4' AND lug_boot = 'med' AND safety = 'med' -> evaluation = 'acc' [Precision: 100%, Coverage: 0.07%]
R303: IF buying = 'low' AND maint = 'med' AND doors = '5more' AND persons = 'more' AND lug_boot = 'med' AND safety = 'med' -> evaluation = 'good' [Precision: 100%, Coverage: 0.07%]
R304: IF buying = 'low' AND maint = 'med' AND doors = '5more' AND persons = 'more' AND lug_boot = 'small' AND safety = 'med' -> evaluation = 'acc' [Precision: 100%, Coverage: 0.07%]
R305: IF buying = 'low' AND maint = 'med' AND doors = '5more' AND persons = '4' AND lug_boot = 'med' AND safety = 'med' -> evaluation = 'good' [Precision: 100%, Coverage: 0.07%]
R306: IF buying = 'low' AND maint = 'med' AND doors = '4' AND persons = 'more' AND lug_boot = 'small' AND safety = 'med' -> evaluation = 'acc' [Precision: 100%, Coverage: 0.07%]
R307: IF buying = 'low' AND maint = 'high' AND doors = '2' AND persons = 'more' AND lug_boot = 'med' AND safety = 'high' -> evaluation = 'acc' [Precision: 100%, Coverage: 0.07%]
R308: IF buying = 'low' AND maint = 'high' AND doors = '4' AND persons = 'more' AND lug_boot = 'small' AND safety = 'high' -> evaluation = 'acc' [Precision: 100%, Coverage: 0.07%]
R309: IF buying = 'low' AND maint = 'vhigh' AND doors = '4' AND persons = '4' AND lug_boot = 'med' AND safety = 'med' -> evaluation = 'acc' [Precision: 100%, Coverage: 0.07%]
R310: IF buying = 'med' AND maint = 'low' AND doors = '2' AND persons = 'more' AND lug_boot = 'med' AND safety = 'high' -> evaluation = 'good' [Precision: 100%, Coverage: 0.07%]
R311: IF buying = 'med' AND maint = 'low' AND doors = '2' AND persons = 'more' AND lug_boot = 'med' AND safety = 'med' -> evaluation = 'acc' [Precision: 100%, Coverage: 0.07%]
R312: IF buying = 'med' AND maint = 'low' AND doors = '2' AND persons = '4' AND lug_boot = 'med' AND safety = 'high' -> evaluation = 'good' [Precision: 100%, Coverage: 0.07%]
R313: IF buying = 'med' AND maint = 'low' AND doors = '3' AND persons = 'more' AND lug_boot = 'med' AND safety = 'high' -> evaluation = 'vgood' [Precision: 100%, Coverage: 0.07%]
R314: IF buying = 'med' AND maint = 'low' AND doors = '3' AND persons = 'more' AND lug_boot = 'med' AND safety = 'med' -> evaluation = 'good' [Precision: 100%, Coverage: 0.07%]
R315: IF buying = 'med' AND maint = 'low' AND doors = '3' AND persons = '4' AND lug_boot = 'med' AND safety = 'high' -> evaluation = 'good' [Precision: 100%, Coverage: 0.07%]
R316: IF buying = 'med' AND maint = 'low' AND doors = '3' AND persons = '4' AND lug_boot = 'med' AND safety = 'med' -> evaluation = 'acc' [Precision: 100%, Coverage: 0.07%]
R317: IF buying = 'med' AND maint = 'low' AND doors = '5more' AND persons = 'more' AND lug_boot = 'med' AND safety = 'med' -> evaluation = 'good' [Precision: 100%, Coverage: 0.07%]
R318: IF buying = 'med' AND maint = 'low' AND doors = '5more' AND persons = '4' AND lug_boot = 'med' AND safety = 'high' -> evaluation = 'vgood' [Precision: 100%, Coverage: 0.07%]
R319: IF buying = 'med' AND maint = 'low' AND doors = '5more' AND persons = '4' AND lug_boot = 'med' AND safety = 'med' -> evaluation = 'good' [Precision: 100%, Coverage: 0.07%]
R320: IF buying = 'med' AND maint = 'low' AND doors = '4' AND persons = 'more' AND lug_boot = 'med' AND safety = 'high' -> evaluation = 'vgood' [Precision: 100%, Coverage: 0.07%]
R321: IF buying = 'med' AND maint = 'low' AND doors = '4' AND persons = 'more' AND lug_boot = 'med' AND safety = 'med' -> evaluation = 'good' [Precision: 100%, Coverage: 0.07%]
R322: IF buying = 'med' AND maint = 'low' AND doors = '4' AND persons = '4' AND lug_boot = 'med' AND safety = 'high' -> evaluation = 'vgood' [Precision: 100%, Coverage: 0.07%]
R323: IF buying = 'med' AND maint = 'med' AND doors = '3' AND persons = 'more' AND lug_boot = 'med' AND safety = 'high' -> evaluation = 'vgood' [Precision: 100%, Coverage: 0.07%]
R324: IF buying = 'med' AND maint = 'med' AND doors = '3' AND persons = 'more' AND lug_boot = 'small' AND safety = 'high' -> evaluation = 'acc' [Precision: 100%, Coverage: 0.07%]
R325: IF buying = 'med' AND maint = 'med' AND doors = '5more' AND persons = 'more' AND lug_boot = 'med' AND safety = 'high' -> evaluation = 'vgood' [Precision: 100%, Coverage: 0.07%]
R326: IF buying = 'med' AND maint = 'med' AND doors = '4' AND persons = 'more' AND lug_boot = 'med' AND safety = 'high' -> evaluation = 'vgood' [Precision: 100%, Coverage: 0.07%]
R327: IF buying = 'med' AND maint = 'med' AND doors = '4' AND persons = '4' AND lug_boot = 'med' AND safety = 'high' -> evaluation = 'vgood' [Precision: 100%, Coverage: 0.07%]
R328: IF buying = 'med' AND maint = 'high' AND doors = '3' AND persons = '4' AND lug_boot = 'med' AND safety = 'med' -> evaluation = 'unacc' [Precision: 100%, Coverage: 0.07%]
R329: IF buying = 'med' AND maint = 'high' AND doors = '5more' AND persons = 'more' AND lug_boot = 'med' AND safety = 'med' -> evaluation = 'acc' [Precision: 100%, Coverage: 0.07%]
R330: IF buying = 'med' AND maint = 'high' AND doors = '4' AND persons = 'more' AND lug_boot = 'med' AND safety = 'med' -> evaluation = 'acc' [Precision: 100%, Coverage: 0.07%]
R331: IF buying = 'med' AND maint = 'high' AND doors = '4' AND persons = '4' AND lug_boot = 'med' AND safety = 'med' -> evaluation = 'acc' [Precision: 100%, Coverage: 0.07%]
R332: IF buying = 'vhigh' AND maint = 'low' AND doors = '5more' AND persons = 'more' AND lug_boot = 'med' AND safety = 'med' -> evaluation = 'acc' [Precision: 100%, Coverage: 0.07%]
R333: IF buying = 'vhigh' AND maint = 'low' AND doors = '5more' AND persons = '4' AND lug_boot = 'med' AND safety = 'med' -> evaluation = 'acc' [Precision: 100%, Coverage: 0.07%]
R334: IF buying = 'vhigh' AND maint = 'low' AND doors = '4' AND persons = 'more' AND lug_boot = 'med' AND safety = 'med' -> evaluation = 'acc' [Precision: 100%, Coverage: 0.07%]
R335: IF buying = 'vhigh' AND maint = 'med' AND doors = '3' AND persons = 'more' AND lug_boot = 'med' AND safety = 'med' -> evaluation = 'acc' [Precision: 100%, Coverage: 0.07%]
R336: IF buying = 'vhigh' AND maint = 'med' AND doors = '5more' AND persons = 'more' AND lug_boot = 'med' AND safety = 'med' -> evaluation = 'acc' [Precision: 100%, Coverage: 0.07%]
R337: IF buying = 'high' AND maint = 'low' AND doors = '4' AND persons = '4' AND lug_boot = 'med' AND safety = 'med' -> evaluation = 'acc' [Precision: 100%, Coverage: 0.07%]
