R1: IF mcg = '(-0.001, 0.34]' AND gvh = '(0.57, 1.0]' -> Localization Site = 'im' [Precision: 100%, Coverage: 0.75%]
R2: IF mcg = '(0.34, 0.5]' AND alm1 = '(0.028999999999999998, 0.33]' -> Localization Site = 'cp' [Precision: 100%, Coverage: 10.07%]
R3: IF mcg = '(0.34, 0.5]' AND alm1 = '(0.33, 0.455]' -> Localization Site = 'cp' [Precision: 100%, Coverage: 4.1%]
R4: IF mcg = '(-0.001, 0.34]' AND alm1 = '(0.71, 1.0]' -> Localization Site = 'im' [Precision: 100%, Coverage: 3.36%]
R5: IF mcg = '(0.34, 0.5]' AND alm2 = '(0.35, 0.43]' -> Localization Site = 'cp' [Precision: 100%, Coverage: 5.97%]
R6: IF mcg = '(-0.001, 0.34]' AND alm2 = '(0.71, 0.99]' -> Localization Site = 'im' [Precision: 100%, Coverage: 2.99%]
R7: IF gvh = '(0.159, 0.4]' AND aac = '(-0.001, 0.42]' -> Localization Site = 'cp' [Precision: 100%, Coverage: 7.09%]
R8: IF gvh = '(0.4, 0.47]' AND alm1 = '(0.028999999999999998, 0.33]' -> Localization Site = 'cp' [Precision: 100%, Coverage: 8.21%]
R9: IF gvh = '(0.4, 0.47]' AND alm1 = '(0.33, 0.455]' -> Localization Site = 'cp' [Precision: 100%, Coverage: 2.24%]
R10: IF gvh = '(0.57, 1.0]' AND alm1 = '(0.028999999999999998, 0.33]' -> Localization Site = 'pp' [Precision: 100%, Coverage: 0.37%]
R11: IF gvh = '(0.47, 0.57]' AND alm1 = '(0.028999999999999998, 0.33]' -> Localization Site = 'cp' [Precision: 100%, Coverage: 2.99%]
R12: IF gvh = '(0.159, 0.4]' AND alm2 = '(-0.001, 0.35]' -> Localization Site = 'cp' [Precision: 100%, Coverage: 6.72%]
R13: IF aac = '(-0.001, 0.42]' AND alm1 = '(0.028999999999999998, 0.33]' -> Localization Site = 'cp' [Precision: 100%, Coverage: 8.21%]
R14: IF aac = '(-0.001, 0.42]' AND alm1 = '(0.71, 1.0]' -> Localization Site = 'im' [Precision: 100%, Coverage: 2.61%]
R15: IF aac = '(0.57, 0.88]' AND alm1 = '(0.028999999999999998, 0.33]' -> Localization Site = 'cp' [Precision: 100%, Coverage: 2.61%]
R16: IF aac = '(-0.001, 0.42]' AND alm2 = '(0.71, 0.99]' -> Localization Site = 'im' [Precision: 100%, Coverage: 1.49%]
R17: IF alm1 = '(0.71, 1.0]' AND alm2 = '(-0.001, 0.35]' -> Localization Site = 'im' [Precision: 100%, Coverage: 1.12%]
R18: IF alm1 = '(0.71, 1.0]' AND alm2 = '(0.35, 0.43]' -> Localization Site = 'im' [Precision: 100%, Coverage: 0.37%]
R19: IF mcg = '(0.663, 0.89]' AND gvh = '(0.57, 1.0]' AND aac = '(0.42, 0.495]' -> Localization Site = 'pp' [Precision: 100%, Coverage: 2.24%]
R20: IF mcg = '(0.663, 0.89]' AND gvh = '(0.57, 1.0]' AND aac = '(-0.001, 0.42]' -> Localization Site = 'pp' [Precision: 100%, Coverage: 2.24%]
R21: IF mcg = '(0.663, 0.89]' AND gvh = '(0.47, 0.57]' AND aac = '(0.42, 0.495]' -> Localization Site = 'pp' [Precision: 100%, Coverage: 0.37%]
R22: IF mcg = '(0.663, 0.89]' AND gvh = '(0.159, 0.4]' AND aac = '(0.42, 0.495]' -> Localization Site = 'imU' [Precision: 100%, Coverage: 0.37%]
R23: IF mcg = '(0.663, 0.89]' AND gvh = '(0.4, 0.47]' AND aac = '(0.57, 0.88]' -> Localization Site = 'imU' [Precision: 100%, Coverage: 1.12%]
R24: IF mcg = '(0.663, 0.89]' AND gvh = '(0.4, 0.47]' AND aac = '(-0.001, 0.42]' -> Localization Site = 'imU' [Precision: 100%, Coverage: 0.37%]
R25: IF mcg = '(0.5, 0.663]' AND gvh = '(0.57, 1.0]' AND aac = '(-0.001, 0.42]' -> Localization Site = 'pp' [Precision: 100%, Coverage: 2.99%]
R26: IF mcg = '(0.5, 0.663]' AND gvh = '(0.159, 0.4]' AND aac = '(0.57, 0.88]' -> Localization Site = 'imU' [Precision: 100%, Coverage: 0.37%]
R27: IF mcg = '(0.5, 0.663]' AND gvh = '(0.159, 0.4]' AND aac = '(0.495, 0.57]' -> Localization Site = 'im' [Precision: 100%, Coverage: 0.75%]
R28: IF mcg = '(0.5, 0.663]' AND gvh = '(0.159, 0.4]' AND aac = '(0.42, 0.495]' -> Localization Site = 'cp' [Precision: 100%, Coverage: 1.12%]
R29: IF mcg = '(0.5, 0.663]' AND gvh = '(0.4, 0.47]' AND aac = '(0.495, 0.57]' -> Localization Site = 'im' [Precision: 100%, Coverage: 0.75%]
R30: IF mcg = '(-0.001, 0.34]' AND gvh = '(0.47, 0.57]' AND aac = '(0.42, 0.495]' -> Localization Site = 'cp' [Precision: 100%, Coverage: 1.12%]
R31: IF mcg = '(-0.001, 0.34]' AND gvh = '(0.4, 0.47]' AND aac = '(0.57, 0.88]' -> Localization Site = 'im' [Precision: 100%, Coverage: 0.75%]
R32: IF mcg = '(-0.001, 0.34]' AND gvh = '(0.4, 0.47]' AND aac = '(0.42, 0.495]' -> Localization Site = 'cp' [Precision: 100%, Coverage: 1.49%]
R33: IF mcg = '(-0.001, 0.34]' AND gvh = '(0.4, 0.47]' AND aac = '(-0.001, 0.42]' -> Localization Site = 'cp' [Precision: 100%, Coverage: 2.24%]
R34: IF mcg = '(0.34, 0.5]' AND gvh = '(0.57, 1.0]' AND aac = '(0.42, 0.495]' -> Localization Site = 'im' [Precision: 100%, Coverage: 0.37%]
R35: IF mcg = '(0.34, 0.5]' AND gvh = '(0.57, 1.0]' AND aac = '(-0.001, 0.42]' -> Localization Site = 'im' [Precision: 100%, Coverage: 0.75%]
R36: IF mcg = '(0.34, 0.5]' AND gvh = '(0.47, 0.57]' AND aac = '(0.57, 0.88]' -> Localization Site = 'im' [Precision: 100%, Coverage: 0.37%]
R37: IF mcg = '(0.34, 0.5]' AND gvh = '(0.47, 0.57]' AND aac = '(-0.001, 0.42]' -> Localization Site = 'cp' [Precision: 100%, Coverage: 1.49%]
R38: IF mcg = '(0.34, 0.5]' AND gvh = '(0.159, 0.4]' AND aac = '(0.495, 0.57]' -> Localization Site = 'cp' [Precision: 100%, Coverage: 2.99%]
R39: IF mcg = '(0.34, 0.5]' AND gvh = '(0.159, 0.4]' AND aac = '(0.42, 0.495]' -> Localization Site = 'cp' [Precision: 100%, Coverage: 2.99%]
R40: IF mcg = '(0.34, 0.5]' AND gvh = '(0.4, 0.47]' AND aac = '(0.42, 0.495]' -> Localization Site = 'cp' [Precision: 100%, Coverage: 1.87%]
R41: IF mcg = '(0.663, 0.89]' AND gvh = '(0.47, 0.57]' AND alm1 = '(0.33, 0.455]' -> Localization Site = 'pp' [Precision: 100%, Coverage: 0.37%]
R42: IF mcg = '(0.663, 0.89]' AND gvh = '(0.159, 0.4]' AND alm1 = '(0.33, 0.455]' -> Localization Site = 'cp' [Precision: 100%, Coverage: 0.37%]
R43: IF mcg = '(0.5, 0.663]' AND gvh = '(0.159, 0.4]' AND alm1 = '(0.33, 0.455]' -> Localization Site = 'cp' [Precision: 100%, Coverage: 1.12%]
R44: IF mcg = '(0.5, 0.663]' AND gvh = '(0.159, 0.4]' AND alm1 = '(0.455, 0.71]' -> Localization Site = 'im' [Precision: 100%, Coverage: 0.37%]
R45: IF mcg = '(0.5, 0.663]' AND gvh = '(0.159, 0.4]' AND alm1 = '(0.028999999999999998, 0.33]' -> Localization Site = 'cp' [Precision: 100%, Coverage: 0.75%]
R46: IF mcg = '(0.5, 0.663]' AND gvh = '(0.4, 0.47]' AND alm1 = '(0.455, 0.71]' -> Localization Site = 'imU' [Precision: 100%, Coverage: 0.37%]
R47: IF mcg = '(-0.001, 0.34]' AND gvh = '(0.47, 0.57]' AND alm1 = '(0.33, 0.455]' -> Localization Site = 'cp' [Precision: 100%, Coverage: 1.49%]
R48: IF mcg = '(-0.001, 0.34]' AND gvh = '(0.47, 0.57]' AND alm1 = '(0.455, 0.71]' -> Localization Site = 'im' [Precision: 100%, Coverage: 1.12%]
R49: IF mcg = '(0.34, 0.5]' AND gvh = '(0.57, 1.0]' AND alm1 = '(0.455, 0.71]' -> Localization Site = 'pp' [Precision: 100%, Coverage: 0.37%]
R50: IF mcg = '(0.34, 0.5]' AND gvh = '(0.57, 1.0]' AND alm1 = '(0.71, 1.0]' -> Localization Site = 'im' [Precision: 100%, Coverage: 1.49%]
R51: IF mcg = '(0.34, 0.5]' AND gvh = '(0.47, 0.57]' AND alm1 = '(0.71, 1.0]' -> Localization Site = 'im' [Precision: 100%, Coverage: 0.75%]
R52: IF mcg = '(0.34, 0.5]' AND gvh = '(0.159, 0.4]' AND alm1 = '(0.71, 1.0]' -> Localization Site = 'im' [Precision: 100%, Coverage: 0.75%]
R53: IF mcg = '(0.663, 0.89]' AND gvh = '(0.57, 1.0]' AND alm2 = '(0.71, 0.99]' -> Localization Site = 'imU' [Precision: 100%, Coverage: 0.37%]
R54: IF mcg = '(0.663, 0.89]' AND gvh = '(0.47, 0.57]' AND alm2 = '(0.43, 0.71]' -> Localization Site = 'imU' [Precision: 100%, Coverage: 0.75%]
R55: IF mcg = '(0.663, 0.89]' AND gvh = '(0.47, 0.57]' AND alm2 = '(0.35, 0.43]' -> Localization Site = 'pp' [Precision: 100%, Coverage: 0.37%]
R56: IF mcg = '(0.663, 0.89]' AND gvh = '(0.4, 0.47]' AND alm2 = '(-0.001, 0.35]' -> Localization Site = 'omL' [Precision: 100%, Coverage: 0.37%]
R57: IF mcg = '(0.663, 0.89]' AND gvh = '(0.4, 0.47]' AND alm2 = '(0.35, 0.43]' -> Localization Site = 'pp' [Precision: 100%, Coverage: 0.37%]
R58: IF mcg = '(0.5, 0.663]' AND gvh = '(0.159, 0.4]' AND alm2 = '(0.35, 0.43]' -> Localization Site = 'cp' [Precision: 100%, Coverage: 0.75%]
R59: IF mcg = '(0.5, 0.663]' AND gvh = '(0.4, 0.47]' AND alm2 = '(-0.001, 0.35]' -> Localization Site = 'im' [Precision: 100%, Coverage: 0.37%]
R60: IF mcg = '(0.5, 0.663]' AND gvh = '(0.4, 0.47]' AND alm2 = '(0.43, 0.71]' -> Localization Site = 'imU' [Precision: 100%, Coverage: 0.37%]
R61: IF mcg = '(0.5, 0.663]' AND gvh = '(0.4, 0.47]' AND alm2 = '(0.35, 0.43]' -> Localization Site = 'cp' [Precision: 100%, Coverage: 1.49%]
R62: IF mcg = '(-0.001, 0.34]' AND gvh = '(0.47, 0.57]' AND alm2 = '(0.35, 0.43]' -> Localization Site = 'cp' [Precision: 100%, Coverage: 1.49%]
R63: IF mcg = '(-0.001, 0.34]' AND gvh = '(0.4, 0.47]' AND alm2 = '(-0.001, 0.35]' -> Localization Site = 'cp' [Precision: 100%, Coverage: 1.87%]
R64: IF mcg = '(-0.001, 0.34]' AND gvh = '(0.4, 0.47]' AND alm2 = '(0.35, 0.43]' -> Localization Site = 'cp' [Precision: 100%, Coverage: 2.24%]
R65: IF mcg = '(0.34, 0.5]' AND gvh = '(0.57, 1.0]' AND alm2 = '(-0.001, 0.35]' -> Localization Site = 'im' [Precision: 100%, Coverage: 0.37%]
R66: IF mcg = '(0.34, 0.5]' AND gvh = '(0.57, 1.0]' AND alm2 = '(0.71, 0.99]' -> Localization Site = 'im' [Precision: 100%, Coverage: 1.12%]
R67: IF mcg = '(0.34, 0.5]' AND gvh = '(0.57, 1.0]' AND alm2 = '(0.43, 0.71]' -> Localization Site = 'pp' [Precision: 100%, Coverage: 0.37%]
R68: IF mcg = '(0.34, 0.5]' AND gvh = '(0.47, 0.57]' AND alm2 = '(-0.001, 0.35]' -> Localization Site = 'cp' [Precision: 100%, Coverage: 0.37%]
R69: IF mcg = '(0.34, 0.5]' AND gvh = '(0.47, 0.57]' AND alm2 = '(0.71, 0.99]' -> Localization Site = 'im' [Precision: 100%, Coverage: 0.37%]
R70: IF mcg = '(0.34, 0.5]' AND gvh = '(0.159, 0.4]' AND alm2 = '(0.71, 0.99]' -> Localization Site = 'im' [Precision: 100%, Coverage: 0.75%]
R71: IF mcg = '(0.34, 0.5]' AND gvh = '(0.4, 0.47]' AND alm2 = '(0.43, 0.71]' -> Localization Site = 'cp' [Precision: 100%, Coverage: 1.12%]
R72: IF mcg = '(0.663, 0.89]' AND aac = '(0.57, 0.88]' AND alm1 = '(0.33, 0.455]' -> Localization Site = 'om' [Precision: 100%, Coverage: 1.49%]
R73: IF mcg = '(0.663, 0.89]' AND aac = '(0.42, 0.495]' AND alm1 = '(0.33, 0.455]' -> Localization Site = 'pp' [Precision: 100%, Coverage: 1.87%]
R74: IF mcg = '(0.663, 0.89]' AND aac = '(0.42, 0.495]' AND alm1 = '(0.71, 1.0]' -> Localization Site = 'imU' [Precision: 100%, Coverage: 0.75%]
R75: IF mcg = '(0.5, 0.663]' AND aac = '(0.495, 0.57]' AND alm1 = '(0.33, 0.455]' -> Localization Site = 'cp' [Precision: 100%, Coverage: 0.37%]
R76: IF mcg = '(0.5, 0.663]' AND aac = '(0.42, 0.495]' AND alm1 = '(0.455, 0.71]' -> Localization Site = 'pp' [Precision: 100%, Coverage: 0.75%]
R77: IF mcg = '(-0.001, 0.34]' AND aac = '(0.57, 0.88]' AND alm1 = '(0.33, 0.455]' -> Localization Site = 'cp' [Precision: 100%, Coverage: 0.75%]
R78: IF mcg = '(-0.001, 0.34]' AND aac = '(0.57, 0.88]' AND alm1 = '(0.455, 0.71]' -> Localization Site = 'im' [Precision: 100%, Coverage: 1.12%]
R79: IF mcg = '(-0.001, 0.34]' AND aac = '(0.495, 0.57]' AND alm1 = '(0.455, 0.71]' -> Localization Site = 'cp' [Precision: 100%, Coverage: 0.75%]
R80: IF mcg = '(-0.001, 0.34]' AND aac = '(0.42, 0.495]' AND alm1 = '(0.33, 0.455]' -> Localization Site = 'cp' [Precision: 100%, Coverage: 1.87%]
R81: IF mcg = '(-0.001, 0.34]' AND aac = '(0.42, 0.495]' AND alm1 = '(0.028999999999999998, 0.33]' -> Localization Site = 'cp' [Precision: 100%, Coverage: 4.1%]
R82: IF mcg = '(-0.001, 0.34]' AND aac = '(-0.001, 0.42]' AND alm1 = '(0.33, 0.455]' -> Localization Site = 'cp' [Precision: 100%, Coverage: 1.87%]
R83: IF mcg = '(0.34, 0.5]' AND aac = '(0.57, 0.88]' AND alm1 = '(0.455, 0.71]' -> Localization Site = 'im' [Precision: 100%, Coverage: 0.37%]
R84: IF mcg = '(0.34, 0.5]' AND aac = '(0.495, 0.57]' AND alm1 = '(0.71, 1.0]' -> Localization Site = 'im' [Precision: 100%, Coverage: 1.49%]
R85: IF mcg = '(0.34, 0.5]' AND aac = '(0.42, 0.495]' AND alm1 = '(0.71, 1.0]' -> Localization Site = 'im' [Precision: 100%, Coverage: 0.37%]
R86: IF mcg = '(0.663, 0.89]' AND aac = '(0.495, 0.57]' AND alm2 = '(0.35, 0.43]' -> Localization Site = 'pp' [Precision: 100%, Coverage: 0.37%]
R87: IF mcg = '(0.663, 0.89]' AND aac = '(0.42, 0.495]' AND alm2 = '(-0.001, 0.35]' -> Localization Site = 'pp' [Precision: 100%, Coverage: 1.49%]
R88: IF mcg = '(0.663, 0.89]' AND aac = '(0.42, 0.495]' AND alm2 = '(0.71, 0.99]' -> Localization Site = 'im' [Precision: 100%, Coverage: 0.37%]
R89: IF mcg = '(0.663, 0.89]' AND aac = '(0.42, 0.495]' AND alm2 = '(0.35, 0.43]' -> Localization Site = 'pp' [Precision: 100%, Coverage: 0.37%]
R90: IF mcg = '(0.663, 0.89]' AND aac = '(-0.001, 0.42]' AND alm2 = '(0.35, 0.43]' -> Localization Site = 'pp' [Precision: 100%, Coverage: 0.75%]
R91: IF mcg = '(0.5, 0.663]' AND aac = '(0.57, 0.88]' AND alm2 = '(-0.001, 0.35]' -> Localization Site = 'om' [Precision: 100%, Coverage: 1.12%]
R92: IF mcg = '(0.5, 0.663]' AND aac = '(0.495, 0.57]' AND alm2 = '(0.43, 0.71]' -> Localization Site = 'im' [Precision: 100%, Coverage: 0.75%]
R93: IF mcg = '(-0.001, 0.34]' AND aac = '(0.57, 0.88]' AND alm2 = '(-0.001, 0.35]' -> Localization Site = 'cp' [Precision: 100%, Coverage: 0.75%]
R94: IF mcg = '(-0.001, 0.34]' AND aac = '(0.57, 0.88]' AND alm2 = '(0.35, 0.43]' -> Localization Site = 'cp' [Precision: 100%, Coverage: 1.12%]
R95: IF mcg = '(-0.001, 0.34]' AND aac = '(0.495, 0.57]' AND alm2 = '(-0.001, 0.35]' -> Localization Site = 'cp' [Precision: 100%, Coverage: 1.12%]
R96: IF mcg = '(-0.001, 0.34]' AND aac = '(0.42, 0.495]' AND alm2 = '(-0.001, 0.35]' -> Localization Site = 'cp' [Precision: 100%, Coverage: 2.99%]
R97: IF mcg = '(-0.001, 0.34]' AND aac = '(-0.001, 0.42]' AND alm2 = '(0.35, 0.43]' -> Localization Site = 'cp' [Precision: 100%, Coverage: 4.48%]
R98: IF mcg = '(0.34, 0.5]' AND aac = '(0.57, 0.88]' AND alm2 = '(-0.001, 0.35]' -> Localization Site = 'cp' [Precision: 100%, Coverage: 0.75%]
R99: IF mcg = '(0.34, 0.5]' AND aac = '(0.57, 0.88]' AND alm2 = '(0.43, 0.71]' -> Localization Site = 'im' [Precision: 100%, Coverage: 0.37%]
R100: IF mcg = '(0.34, 0.5]' AND aac = '(0.495, 0.57]' AND alm2 = '(-0.001, 0.35]' -> Localization Site = 'cp' [Precision: 100%, Coverage: 1.87%]
R101: IF mcg = '(0.34, 0.5]' AND aac = '(0.495, 0.57]' AND alm2 = '(0.71, 0.99]' -> Localization Site = 'im' [Precision: 100%, Coverage: 1.49%]
R102: IF mcg = '(0.34, 0.5]' AND aac = '(0.42, 0.495]' AND alm2 = '(-0.001, 0.35]' -> Localization Site = 'cp' [Precision: 100%, Coverage: 1.87%]
R103: IF mcg = '(0.34, 0.5]' AND aac = '(0.42, 0.495]' AND alm2 = '(0.71, 0.99]' -> Localization Site = 'im' [Precision: 100%, Coverage: 0.37%]
R104: IF mcg = '(0.34, 0.5]' AND aac = '(-0.001, 0.42]' AND alm2 = '(0.43, 0.71]' -> Localization Site = 'cp' [Precision: 100%, Coverage: 1.49%]
R105: IF mcg = '(0.663, 0.89]' AND alm1 = '(0.33, 0.455]' AND alm2 = '(0.35, 0.43]' -> Localization Site = 'pp' [Precision: 100%, Coverage: 0.37%]
R106: IF mcg = '(0.663, 0.89]' AND alm1 = '(0.71, 1.0]' AND alm2 = '(0.43, 0.71]' -> Localization Site = 'imU' [Precision: 100%, Coverage: 1.12%]
R107: IF mcg = '(0.5, 0.663]' AND alm1 = '(0.455, 0.71]' AND alm2 = '(0.35, 0.43]' -> Localization Site = 'omL' [Precision: 100%, Coverage: 0.37%]
R108: IF mcg = '(0.5, 0.663]' AND alm1 = '(0.028999999999999998, 0.33]' AND alm2 = '(0.35, 0.43]' -> Localization Site = 'cp' [Precision: 100%, Coverage: 1.87%]
R109: IF mcg = '(0.5, 0.663]' AND alm1 = '(0.71, 1.0]' AND alm2 = '(0.43, 0.71]' -> Localization Site = 'im' [Precision: 100%, Coverage: 0.37%]
R110: IF mcg = '(-0.001, 0.34]' AND alm1 = '(0.33, 0.455]' AND alm2 = '(0.35, 0.43]' -> Localization Site = 'cp' [Precision: 100%, Coverage: 1.12%]
R111: IF mcg = '(-0.001, 0.34]' AND alm1 = '(0.455, 0.71]' AND alm2 = '(-0.001, 0.35]' -> Localization Site = 'im' [Precision: 100%, Coverage: 0.75%]
R112: IF mcg = '(-0.001, 0.34]' AND alm1 = '(0.028999999999999998, 0.33]' AND alm2 = '(-0.001, 0.35]' -> Localization Site = 'cp' [Precision: 100%, Coverage: 5.97%]
R113: IF mcg = '(0.34, 0.5]' AND alm1 = '(0.455, 0.71]' AND alm2 = '(0.71, 0.99]' -> Localization Site = 'im' [Precision: 100%, Coverage: 0.37%]
R114: IF mcg = '(0.34, 0.5]' AND alm1 = '(0.71, 1.0]' AND alm2 = '(0.43, 0.71]' -> Localization Site = 'im' [Precision: 100%, Coverage: 0.37%]
R115: IF gvh = '(0.57, 1.0]' AND aac = '(0.495, 0.57]' AND alm1 = '(0.71, 1.0]' -> Localization Site = 'im' [Precision: 100%, Coverage: 0.37%]
R116: IF gvh = '(0.57, 1.0]' AND aac = '(0.42, 0.495]' AND alm1 = '(0.455, 0.71]' -> Localization Site = 'pp' [Precision: 100%, Coverage: 1.12%]
R117: IF gvh = '(0.57, 1.0]' AND aac = '(0.42, 0.495]' AND alm1 = '(0.71, 1.0]' -> Localization Site = 'im' [Precision: 100%, Coverage: 1.12%]
R118: IF gvh = '(0.57, 1.0]' AND aac = '(-0.001, 0.42]' AND alm1 = '(0.33, 0.455]' -> Localization Site = 'pp' [Precision: 100%, Coverage: 2.61%]
R119: IF gvh = '(0.57, 1.0]' AND aac = '(-0.001, 0.42]' AND alm1 = '(0.455, 0.71]' -> Localization Site = 'pp' [Precision: 100%, Coverage: 2.61%]
R120: IF gvh = '(0.47, 0.57]' AND aac = '(0.495, 0.57]' AND alm1 = '(0.33, 0.455]' -> Localization Site = 'cp' [Precision: 100%, Coverage: 1.12%]
R121: IF gvh = '(0.47, 0.57]' AND aac = '(-0.001, 0.42]' AND alm1 = '(0.33, 0.455]' -> Localization Site = 'cp' [Precision: 100%, Coverage: 2.24%]
R122: IF gvh = '(0.159, 0.4]' AND aac = '(0.57, 0.88]' AND alm1 = '(0.33, 0.455]' -> Localization Site = 'cp' [Precision: 100%, Coverage: 0.37%]
R123: IF gvh = '(0.159, 0.4]' AND aac = '(0.42, 0.495]' AND alm1 = '(0.33, 0.455]' -> Localization Site = 'cp' [Precision: 100%, Coverage: 1.49%]
R124: IF gvh = '(0.159, 0.4]' AND aac = '(0.42, 0.495]' AND alm1 = '(0.028999999999999998, 0.33]' -> Localization Site = 'cp' [Precision: 100%, Coverage: 5.97%]
R125: IF gvh = '(0.159, 0.4]' AND aac = '(0.42, 0.495]' AND alm1 = '(0.71, 1.0]' -> Localization Site = 'imU' [Precision: 100%, Coverage: 0.37%]
R126: IF gvh = '(0.4, 0.47]' AND aac = '(-0.001, 0.42]' AND alm1 = '(0.455, 0.71]' -> Localization Site = 'imU' [Precision: 100%, Coverage: 0.37%]
R127: IF gvh = '(0.57, 1.0]' AND aac = '(0.57, 0.88]' AND alm2 = '(-0.001, 0.35]' -> Localization Site = 'om' [Precision: 100%, Coverage: 2.99%]
R128: IF gvh = '(0.57, 1.0]' AND aac = '(0.57, 0.88]' AND alm2 = '(0.71, 0.99]' -> Localization Site = 'imU' [Precision: 100%, Coverage: 0.37%]
R129: IF gvh = '(0.57, 1.0]' AND aac = '(0.495, 0.57]' AND alm2 = '(0.43, 0.71]' -> Localization Site = 'pp' [Precision: 100%, Coverage: 0.37%]
R130: IF gvh = '(0.57, 1.0]' AND aac = '(0.42, 0.495]' AND alm2 = '(-0.001, 0.35]' -> Localization Site = 'pp' [Precision: 100%, Coverage: 1.87%]
R131: IF gvh = '(0.57, 1.0]' AND aac = '(0.42, 0.495]' AND alm2 = '(0.71, 0.99]' -> Localization Site = 'im' [Precision: 100%, Coverage: 0.75%]
R132: IF gvh = '(0.57, 1.0]' AND aac = '(0.42, 0.495]' AND alm2 = '(0.43, 0.71]' -> Localization Site = 'pp' [Precision: 100%, Coverage: 1.12%]
R133: IF gvh = '(0.57, 1.0]' AND aac = '(-0.001, 0.42]' AND alm2 = '(0.43, 0.71]' -> Localization Site = 'pp' [Precision: 100%, Coverage: 1.49%]
R134: IF gvh = '(0.57, 1.0]' AND aac = '(-0.001, 0.42]' AND alm2 = '(0.35, 0.43]' -> Localization Site = 'pp' [Precision: 100%, Coverage: 0.75%]
R135: IF gvh = '(0.47, 0.57]' AND aac = '(0.57, 0.88]' AND alm2 = '(0.35, 0.43]' -> Localization Site = 'cp' [Precision: 100%, Coverage: 0.75%]
R136: IF gvh = '(0.47, 0.57]' AND aac = '(0.495, 0.57]' AND alm2 = '(-0.001, 0.35]' -> Localization Site = 'imS' [Precision: 100%, Coverage: 0.37%]
R137: IF gvh = '(0.47, 0.57]' AND aac = '(0.42, 0.495]' AND alm2 = '(0.35, 0.43]' -> Localization Site = 'cp' [Precision: 100%, Coverage: 0.37%]
R138: IF gvh = '(0.159, 0.4]' AND aac = '(0.57, 0.88]' AND alm2 = '(0.35, 0.43]' -> Localization Site = 'cp' [Precision: 100%, Coverage: 0.37%]
R139: IF gvh = '(0.159, 0.4]' AND aac = '(0.42, 0.495]' AND alm2 = '(0.35, 0.43]' -> Localization Site = 'cp' [Precision: 100%, Coverage: 2.99%]
R140: IF gvh = '(0.4, 0.47]' AND aac = '(0.57, 0.88]' AND alm2 = '(0.35, 0.43]' -> Localization Site = 'cp' [Precision: 100%, Coverage: 0.37%]
R141: IF gvh = '(0.4, 0.47]' AND aac = '(0.42, 0.495]' AND alm2 = '(-0.001, 0.35]' -> Localization Site = 'cp' [Precision: 100%, Coverage: 1.49%]
R142: IF gvh = '(0.4, 0.47]' AND aac = '(0.42, 0.495]' AND alm2 = '(0.35, 0.43]' -> Localization Site = 'cp' [Precision: 100%, Coverage: 1.12%]
R143: IF gvh = '(0.4, 0.47]' AND aac = '(-0.001, 0.42]' AND alm2 = '(0.35, 0.43]' -> Localization Site = 'cp' [Precision: 100%, Coverage: 2.24%]
R144: IF gvh = '(0.57, 1.0]' AND alm1 = '(0.455, 0.71]' AND alm2 = '(0.71, 0.99]' -> Localization Site = 'imU' [Precision: 100%, Coverage: 0.37%]
R145: IF gvh = '(0.57, 1.0]' AND alm1 = '(0.71, 1.0]' AND alm2 = '(0.43, 0.71]' -> Localization Site = 'im' [Precision: 100%, Coverage: 0.37%]
R146: IF gvh = '(0.47, 0.57]' AND alm1 = '(0.33, 0.455]' AND alm2 = '(0.43, 0.71]' -> Localization Site = 'cp' [Precision: 100%, Coverage: 2.24%]
R147: IF gvh = '(0.47, 0.57]' AND alm1 = '(0.33, 0.455]' AND alm2 = '(0.35, 0.43]' -> Localization Site = 'cp' [Precision: 100%, Coverage: 1.87%]
R148: IF gvh = '(0.159, 0.4]' AND alm1 = '(0.33, 0.455]' AND alm2 = '(0.35, 0.43]' -> Localization Site = 'cp' [Precision: 100%, Coverage: 1.12%]
R149: IF gvh = '(0.159, 0.4]' AND alm1 = '(0.71, 1.0]' AND alm2 = '(0.43, 0.71]' -> Localization Site = 'imU' [Precision: 100%, Coverage: 0.37%]
R150: IF gvh = '(0.4, 0.47]' AND alm1 = '(0.455, 0.71]' AND alm2 = '(-0.001, 0.35]' -> Localization Site = 'omL' [Precision: 100%, Coverage: 0.37%]
R151: IF gvh = '(0.4, 0.47]' AND alm1 = '(0.455, 0.71]' AND alm2 = '(0.71, 0.99]' -> Localization Site = 'im' [Precision: 100%, Coverage: 1.12%]
R152: IF gvh = '(0.4, 0.47]' AND alm1 = '(0.455, 0.71]' AND alm2 = '(0.35, 0.43]' -> Localization Site = 'pp' [Precision: 100%, Coverage: 0.37%]
R153: IF gvh = '(0.4, 0.47]' AND alm1 = '(0.71, 1.0]' AND alm2 = '(0.43, 0.71]' -> Localization Site = 'imU' [Precision: 100%, Coverage: 0.37%]
R154: IF aac = '(0.57, 0.88]' AND alm1 = '(0.33, 0.455]' AND alm2 = '(-0.001, 0.35]' -> Localization Site = 'om' [Precision: 100%, Coverage: 2.24%]
R155: IF aac = '(0.495, 0.57]' AND alm1 = '(0.33, 0.455]' AND alm2 = '(0.35, 0.43]' -> Localization Site = 'cp' [Precision: 100%, Coverage: 0.75%]
R156: IF aac = '(0.495, 0.57]' AND alm1 = '(0.028999999999999998, 0.33]' AND alm2 = '(-0.001, 0.35]' -> Localization Site = 'cp' [Precision: 100%, Coverage: 2.99%]
R157: IF aac = '(0.495, 0.57]' AND alm1 = '(0.71, 1.0]' AND alm2 = '(0.43, 0.71]' -> Localization Site = 'im' [Precision: 100%, Coverage: 0.37%]
R158: IF aac = '(0.42, 0.495]' AND alm1 = '(0.33, 0.455]' AND alm2 = '(-0.001, 0.35]' -> Localization Site = 'pp' [Precision: 100%, Coverage: 1.87%]
R159: IF aac = '(0.42, 0.495]' AND alm1 = '(0.455, 0.71]' AND alm2 = '(-0.001, 0.35]' -> Localization Site = 'pp' [Precision: 100%, Coverage: 0.75%]
R160: IF aac = '(0.42, 0.495]' AND alm1 = '(0.455, 0.71]' AND alm2 = '(0.71, 0.99]' -> Localization Site = 'im' [Precision: 100%, Coverage: 0.37%]
R161: IF aac = '(0.42, 0.495]' AND alm1 = '(0.028999999999999998, 0.33]' AND alm2 = '(0.35, 0.43]' -> Localization Site = 'cp' [Precision: 100%, Coverage: 4.1%]
R162: IF aac = '(0.42, 0.495]' AND alm1 = '(0.71, 1.0]' AND alm2 = '(0.43, 0.71]' -> Localization Site = 'imU' [Precision: 100%, Coverage: 0.75%]
R163: IF aac = '(-0.001, 0.42]' AND alm1 = '(0.455, 0.71]' AND alm2 = '(0.35, 0.43]' -> Localization Site = 'pp' [Precision: 100%, Coverage: 0.75%]
R164: IF mcg = '(0.663, 0.89]' AND gvh = '(0.159, 0.4]' AND aac = '(0.495, 0.57]' AND alm1 = '(0.455, 0.71]' -> Localization Site = 'imU' [Precision: 100%, Coverage: 0.37%]
R165: IF mcg = '(0.663, 0.89]' AND gvh = '(0.47, 0.57]' AND aac = '(0.57, 0.88]' AND alm1 = '(0.455, 0.71]' -> Localization Site = 'omL' [Precision: 100%, Coverage: 0.75%]
R166: IF mcg = '(0.663, 0.89]' AND gvh = '(0.4, 0.47]' AND aac = '(0.42, 0.495]' AND alm1 = '(0.455, 0.71]' -> Localization Site = 'im' [Precision: 100%, Coverage: 0.37%]
R167: IF mcg = '(0.5, 0.663]' AND gvh = '(0.47, 0.57]' AND aac = '(-0.001, 0.42]' AND alm1 = '(0.455, 0.71]' -> Localization Site = 'cp' [Precision: 100%, Coverage: 0.37%]
R168: IF mcg = '(0.5, 0.663]' AND gvh = '(0.47, 0.57]' AND aac = '(0.57, 0.88]' AND alm1 = '(0.33, 0.455]' -> Localization Site = 'om' [Precision: 100%, Coverage: 0.37%]
R169: IF mcg = '(0.5, 0.663]' AND gvh = '(0.47, 0.57]' AND aac = '(0.42, 0.495]' AND alm1 = '(0.33, 0.455]' -> Localization Site = 'pp' [Precision: 100%, Coverage: 0.37%]
R170: IF mcg = '(0.5, 0.663]' AND gvh = '(0.4, 0.47]' AND aac = '(0.57, 0.88]' AND alm1 = '(0.71, 1.0]' -> Localization Site = 'imU' [Precision: 100%, Coverage: 0.37%]
R171: IF mcg = '(0.34, 0.5]' AND gvh = '(0.47, 0.57]' AND aac = '(0.495, 0.57]' AND alm1 = '(0.455, 0.71]' -> Localization Site = 'cp' [Precision: 100%, Coverage: 0.37%]
R172: IF mcg = '(-0.001, 0.34]' AND gvh = '(0.159, 0.4]' AND aac = '(0.42, 0.495]' AND alm1 = '(0.455, 0.71]' -> Localization Site = 'im' [Precision: 100%, Coverage: 0.37%]
R173: IF mcg = '(0.663, 0.89]' AND gvh = '(0.159, 0.4]' AND aac = '(0.495, 0.57]' AND alm2 = '(0.43, 0.71]' -> Localization Site = 'imU' [Precision: 100%, Coverage: 0.37%]
R174: IF mcg = '(0.663, 0.89]' AND gvh = '(0.47, 0.57]' AND aac = '(0.57, 0.88]' AND alm2 = '(-0.001, 0.35]' -> Localization Site = 'omL' [Precision: 100%, Coverage: 0.75%]
R175: IF mcg = '(0.663, 0.89]' AND gvh = '(0.57, 1.0]' AND aac = '(0.57, 0.88]' AND alm2 = '(0.43, 0.71]' -> Localization Site = 'im' [Precision: 100%, Coverage: 0.37%]
R176: IF mcg = '(0.663, 0.89]' AND gvh = '(0.4, 0.47]' AND aac = '(0.42, 0.495]' AND alm2 = '(0.43, 0.71]' -> Localization Site = 'imU' [Precision: 100%, Coverage: 0.37%]
R177: IF mcg = '(0.5, 0.663]' AND gvh = '(0.47, 0.57]' AND aac = '(-0.001, 0.42]' AND alm2 = '(0.43, 0.71]' -> Localization Site = 'cp' [Precision: 100%, Coverage: 0.37%]
R178: IF mcg = '(0.5, 0.663]' AND gvh = '(0.47, 0.57]' AND aac = '(-0.001, 0.42]' AND alm2 = '(-0.001, 0.35]' -> Localization Site = 'cp' [Precision: 100%, Coverage: 0.75%]
R179: IF mcg = '(0.5, 0.663]' AND gvh = '(0.47, 0.57]' AND aac = '(-0.001, 0.42]' AND alm2 = '(0.35, 0.43]' -> Localization Site = 'cp' [Precision: 100%, Coverage: 0.37%]
R180: IF mcg = '(0.5, 0.663]' AND gvh = '(0.47, 0.57]' AND aac = '(0.57, 0.88]' AND alm2 = '(0.43, 0.71]' -> Localization Site = 'im' [Precision: 100%, Coverage: 0.37%]
R181: IF mcg = '(0.5, 0.663]' AND gvh = '(0.4, 0.47]' AND aac = '(0.57, 0.88]' AND alm2 = '(0.71, 0.99]' -> Localization Site = 'imU' [Precision: 100%, Coverage: 0.37%]
R182: IF mcg = '(-0.001, 0.34]' AND gvh = '(0.159, 0.4]' AND aac = '(0.57, 0.88]' AND alm2 = '(0.43, 0.71]' -> Localization Site = 'cp' [Precision: 100%, Coverage: 0.37%]
R183: IF mcg = '(-0.001, 0.34]' AND gvh = '(0.47, 0.57]' AND aac = '(-0.001, 0.42]' AND alm2 = '(-0.001, 0.35]' -> Localization Site = 'im' [Precision: 100%, Coverage: 0.75%]
R184: IF mcg = '(-0.001, 0.34]' AND gvh = '(0.47, 0.57]' AND aac = '(0.57, 0.88]' AND alm2 = '(0.43, 0.71]' -> Localization Site = 'im' [Precision: 100%, Coverage: 0.37%]
R185: IF mcg = '(-0.001, 0.34]' AND gvh = '(0.4, 0.47]' AND aac = '(0.495, 0.57]' AND alm2 = '(0.43, 0.71]' -> Localization Site = 'cp' [Precision: 100%, Coverage: 0.75%]
R186: IF mcg = '(0.663, 0.89]' AND gvh = '(0.159, 0.4]' AND alm1 = '(0.455, 0.71]' AND alm2 = '(0.43, 0.71]' -> Localization Site = 'imU' [Precision: 100%, Coverage: 0.37%]
R187: IF mcg = '(0.663, 0.89]' AND gvh = '(0.57, 1.0]' AND alm1 = '(0.33, 0.455]' AND alm2 = '(0.43, 0.71]' -> Localization Site = 'pp' [Precision: 100%, Coverage: 0.37%]
R188: IF mcg = '(0.5, 0.663]' AND gvh = '(0.57, 1.0]' AND alm1 = '(0.455, 0.71]' AND alm2 = '(-0.001, 0.35]' -> Localization Site = 'pp' [Precision: 100%, Coverage: 0.75%]
R189: IF mcg = '(0.663, 0.89]' AND aac = '(0.495, 0.57]' AND alm1 = '(0.455, 0.71]' AND alm2 = '(0.71, 0.99]' -> Localization Site = 'imU' [Precision: 100%, Coverage: 0.37%]
R190: IF mcg = '(0.663, 0.89]' AND aac = '(-0.001, 0.42]' AND alm1 = '(0.33, 0.455]' AND alm2 = '(0.43, 0.71]' -> Localization Site = 'cp' [Precision: 100%, Coverage: 0.37%]
R191: IF mcg = '(0.663, 0.89]' AND aac = '(-0.001, 0.42]' AND alm1 = '(0.33, 0.455]' AND alm2 = '(-0.001, 0.35]' -> Localization Site = 'pp' [Precision: 100%, Coverage: 0.75%]
R192: IF mcg = '(0.663, 0.89]' AND aac = '(0.57, 0.88]' AND alm1 = '(0.455, 0.71]' AND alm2 = '(0.43, 0.71]' -> Localization Site = 'im' [Precision: 100%, Coverage: 0.37%]
R193: IF mcg = '(0.663, 0.89]' AND aac = '(0.42, 0.495]' AND alm1 = '(0.455, 0.71]' AND alm2 = '(0.43, 0.71]' -> Localization Site = 'pp' [Precision: 100%, Coverage: 0.37%]
R194: IF mcg = '(0.5, 0.663]' AND aac = '(-0.001, 0.42]' AND alm1 = '(0.455, 0.71]' AND alm2 = '(-0.001, 0.35]' -> Localization Site = 'pp' [Precision: 100%, Coverage: 0.75%]
R195: IF mcg = '(0.5, 0.663]' AND aac = '(0.57, 0.88]' AND alm1 = '(0.33, 0.455]' AND alm2 = '(0.43, 0.71]' -> Localization Site = 'om' [Precision: 100%, Coverage: 0.37%]
R196: IF mcg = '(0.5, 0.663]' AND aac = '(0.42, 0.495]' AND alm1 = '(0.33, 0.455]' AND alm2 = '(0.43, 0.71]' -> Localization Site = 'cp' [Precision: 100%, Coverage: 0.75%]
R197: IF gvh = '(0.159, 0.4]' AND aac = '(0.57, 0.88]' AND alm1 = '(0.455, 0.71]' AND alm2 = '(0.43, 0.71]' -> Localization Site = 'im' [Precision: 100%, Coverage: 0.37%]
R198: IF gvh = '(0.47, 0.57]' AND aac = '(0.495, 0.57]' AND alm1 = '(0.455, 0.71]' AND alm2 = '(0.35, 0.43]' -> Localization Site = 'omL' [Precision: 100%, Coverage: 0.37%]
R199: IF gvh = '(0.47, 0.57]' AND aac = '(0.57, 0.88]' AND alm1 = '(0.455, 0.71]' AND alm2 = '(0.43, 0.71]' -> Localization Site = 'im' [Precision: 100%, Coverage: 0.37%]
R200: IF gvh = '(0.57, 1.0]' AND aac = '(0.57, 0.88]' AND alm1 = '(0.33, 0.455]' AND alm2 = '(0.43, 0.71]' -> Localization Site = 'om' [Precision: 100%, Coverage: 0.37%]
R201: IF gvh = '(0.4, 0.47]' AND aac = '(0.42, 0.495]' AND alm1 = '(0.455, 0.71]' AND alm2 = '(0.43, 0.71]' -> Localization Site = 'cp' [Precision: 100%, Coverage: 0.75%]
R202: IF mcg = '(0.663, 0.89]' AND gvh = '(0.159, 0.4]' AND aac = '(0.495, 0.57]' AND alm1 = '(0.71, 1.0]' AND alm2 = '(0.71, 0.99]' -> Localization Site = 'imL' [Precision: 16.67%, Coverage: 2.24%]
R203: IF mcg = '(0.663, 0.89]' AND gvh = '(0.47, 0.57]' AND aac = '(-0.001, 0.42]' AND alm1 = '(0.455, 0.71]' AND alm2 = '(-0.001, 0.35]' -> Localization Site = 'omL' [Precision: 50.0%, Coverage: 0.75%]
R204: IF mcg = '(0.5, 0.663]' AND gvh = '(0.57, 1.0]' AND aac = '(0.57, 0.88]' AND alm1 = '(0.33, 0.455]' AND alm2 = '(0.35, 0.43]' -> Localization Site = 'pp' [Precision: 50.0%, Coverage: 0.75%]
R205: IF mcg = '(0.663, 0.89]' AND gvh = '(0.57, 1.0]' AND aac = '(0.495, 0.57]' AND alm1 = '(0.455, 0.71]' AND alm2 = '(-0.001, 0.35]' -> Localization Site = 'pp' [Precision: 50.0%, Coverage: 0.75%]
R206: IF mcg = '(0.663, 0.89]' AND gvh = '(0.47, 0.57]' AND aac = '(0.57, 0.88]' AND alm1 = '(0.71, 1.0]' AND alm2 = '(0.71, 0.99]' -> Localization Site = 'imU' [Precision: 60.0%, Coverage: 1.87%]
R207: IF mcg = '(0.5, 0.663]' AND gvh = '(0.47, 0.57]' AND aac = '(0.495, 0.57]' AND alm1 = '(0.71, 1.0]' AND alm2 = '(0.71, 0.99]' -> Localization Site = 'imS' [Precision: 33.33%, Coverage: 1.12%]
R208: IF mcg = '(0.663, 0.89]' AND gvh = '(0.4, 0.47]' AND aac = '(0.495, 0.57]' AND alm1 = '(0.71, 1.0]' AND alm2 = '(0.71, 0.99]' -> Localization Site = 'im' [Precision: 66.67%, Coverage: 1.12%]
R209: IF mcg = '(0.5, 0.663]' AND gvh = '(0.47, 0.57]' AND aac = '(0.495, 0.57]' AND alm1 = '(0.71, 1.0]' AND alm2 = '(0.71, 0.99]' -> Localization Site = 'im' [Precision: 66.67%, Coverage: 1.12%]
R210: IF mcg = '(0.34, 0.5]' AND gvh = '(0.47, 0.57]' AND aac = '(0.42, 0.495]' AND alm1 = '(0.455, 0.71]' AND alm2 = '(0.43, 0.71]' -> Localization Site = 'im' [Precision: 50.0%, Coverage: 0.75%]
R211: IF mcg = '(0.663, 0.89]' AND gvh = '(0.47, 0.57]' AND aac = '(0.495, 0.57]' AND alm1 = '(0.71, 1.0]' AND alm2 = '(0.71, 0.99]' -> Localization Site = 'imU' [Precision: 75.0%, Coverage: 1.49%]
R212: IF mcg = '(0.663, 0.89]' AND gvh = '(0.4, 0.47]' AND aac = '(0.495, 0.57]' AND alm1 = '(0.71, 1.0]' AND alm2 = '(0.71, 0.99]' -> Localization Site = 'imU' [Precision: 33.33%, Coverage: 1.12%]
R213: IF mcg = '(-0.001, 0.34]' AND gvh = '(0.159, 0.4]' AND aac = '(0.495, 0.57]' AND alm1 = '(0.028999999999999998, 0.33]' AND alm2 = '(0.35, 0.43]' -> Localization Site = 'pp' [Precision: 25.0%, Coverage: 1.49%]
R214: IF mcg = '(-0.001, 0.34]' AND gvh = '(0.159, 0.4]' AND aac = '(0.495, 0.57]' AND alm1 = '(0.028999999999999998, 0.33]' AND alm2 = '(0.35, 0.43]' -> Localization Site = 'cp' [Precision: 75.0%, Coverage: 1.49%]
R215: IF mcg = '(0.663, 0.89]' AND gvh = '(0.57, 1.0]' AND aac = '(0.495, 0.57]' AND alm1 = '(0.455, 0.71]' AND alm2 = '(-0.001, 0.35]' -> Localization Site = 'om' [Precision: 50.0%, Coverage: 0.75%]
R216: IF mcg = '(0.663, 0.89]' AND gvh = '(0.47, 0.57]' AND aac = '(0.57, 0.88]' AND alm1 = '(0.71, 1.0]' AND alm2 = '(0.71, 0.99]' -> Localization Site = 'im' [Precision: 40.0%, Coverage: 1.87%]
R217: IF mcg = '(0.5, 0.663]' AND gvh = '(0.57, 1.0]' AND aac = '(0.57, 0.88]' AND alm1 = '(0.455, 0.71]' AND alm2 = '(0.43, 0.71]' -> Localization Site = 'im' [Precision: 50.0%, Coverage: 0.75%]
R218: IF mcg = '(0.5, 0.663]' AND gvh = '(0.47, 0.57]' AND aac = '(0.57, 0.88]' AND alm1 = '(0.71, 1.0]' AND alm2 = '(0.71, 0.99]' -> Localization Site = 'im' [Precision: 66.67%, Coverage: 1.12%]
R219: IF mcg = '(0.34, 0.5]' AND gvh = '(0.4, 0.47]' AND aac = '(0.57, 0.88]' AND alm1 = '(0.71, 1.0]' AND alm2 = '(0.71, 0.99]' -> Localization Site = 'im' [Precision: 50.0%, Coverage: 0.75%]
R220: IF mcg = '(-0.001, 0.34]' AND gvh = '(0.159, 0.4]' AND aac = '(0.495, 0.57]' AND alm1 = '(0.33, 0.455]' AND alm2 = '(0.43, 0.71]' -> Localization Site = 'cp' [Precision: 50.0%, Coverage: 0.75%]
R221: IF mcg = '(0.5, 0.663]' AND gvh = '(0.57, 1.0]' AND aac = '(0.57, 0.88]' AND alm1 = '(0.455, 0.71]' AND alm2 = '(0.43, 0.71]' -> Localization Site = 'om' [Precision: 50.0%, Coverage: 0.75%]
R222: IF mcg = '(0.663, 0.89]' AND gvh = '(0.47, 0.57]' AND aac = '(0.57, 0.88]' AND alm1 = '(0.71, 1.0]' AND alm2 = '(0.71, 0.99]' -> Localization Site = 'imU' [Precision: 60.0%, Coverage: 1.87%]
R223: IF mcg = '(0.5, 0.663]' AND gvh = '(0.47, 0.57]' AND aac = '(0.495, 0.57]' AND alm1 = '(0.455, 0.71]' AND alm2 = '(0.71, 0.99]' -> Localization Site = 'imU' [Precision: 50.0%, Coverage: 0.75%]
R224: IF mcg = '(0.663, 0.89]' AND gvh = '(0.47, 0.57]' AND aac = '(0.495, 0.57]' AND alm1 = '(0.71, 1.0]' AND alm2 = '(0.71, 0.99]' -> Localization Site = 'imU' [Precision: 75.0%, Coverage: 1.49%]
R225: IF mcg = '(0.5, 0.663]' AND gvh = '(0.47, 0.57]' AND aac = '(0.495, 0.57]' AND alm1 = '(0.455, 0.71]' AND alm2 = '(0.71, 0.99]' -> Localization Site = 'im' [Precision: 50.0%, Coverage: 0.75%]
R226: IF mcg = '(0.663, 0.89]' AND gvh = '(0.159, 0.4]' AND aac = '(0.495, 0.57]' AND alm1 = '(0.71, 1.0]' AND alm2 = '(0.71, 0.99]' -> Localization Site = 'im' [Precision: 50.0%, Coverage: 2.24%]
R227: IF mcg = '(0.663, 0.89]' AND gvh = '(0.159, 0.4]' AND aac = '(0.495, 0.57]' AND alm1 = '(0.71, 1.0]' AND alm2 = '(0.71, 0.99]' -> Localization Site = 'imU' [Precision: 33.33%, Coverage: 2.24%]
R228: IF mcg = '(-0.001, 0.34]' AND gvh = '(0.159, 0.4]' AND aac = '(0.495, 0.57]' AND alm1 = '(0.028999999999999998, 0.33]' AND alm2 = '(0.35, 0.43]' -> Localization Site = 'cp' [Precision: 75.0%, Coverage: 1.49%]
R229: IF mcg = '(0.663, 0.89]' AND gvh = '(0.4, 0.47]' AND aac = '(0.495, 0.57]' AND alm1 = '(0.455, 0.71]' AND alm2 = '(0.43, 0.71]' -> Localization Site = 'imU' [Precision: 50.0%, Coverage: 0.75%]
R230: IF mcg = '(0.663, 0.89]' AND gvh = '(0.47, 0.57]' AND aac = '(0.495, 0.57]' AND alm1 = '(0.71, 1.0]' AND alm2 = '(0.71, 0.99]' -> Localization Site = 'imU' [Precision: 75.0%, Coverage: 1.49%]
R231: IF mcg = '(0.663, 0.89]' AND gvh = '(0.159, 0.4]' AND aac = '(0.495, 0.57]' AND alm1 = '(0.71, 1.0]' AND alm2 = '(0.71, 0.99]' -> Localization Site = 'im' [Precision: 50.0%, Coverage: 2.24%]
R232: IF mcg = '(0.663, 0.89]' AND gvh = '(0.159, 0.4]' AND aac = '(0.57, 0.88]' AND alm1 = '(0.455, 0.71]' AND alm2 = '(0.71, 0.99]' -> Localization Site = 'imU' [Precision: 50.0%, Coverage: 0.75%]
R233: IF mcg = '(0.663, 0.89]' AND gvh = '(0.47, 0.57]' AND aac = '(0.57, 0.88]' AND alm1 = '(0.71, 1.0]' AND alm2 = '(0.71, 0.99]' -> Localization Site = 'imU' [Precision: 60.0%, Coverage: 1.87%]
R234: IF mcg = '(0.5, 0.663]' AND gvh = '(0.57, 1.0]' AND aac = '(0.42, 0.495]' AND alm1 = '(0.33, 0.455]' AND alm2 = '(0.35, 0.43]' -> Localization Site = 'pp' [Precision: 66.67%, Coverage: 1.12%]
R235: IF mcg = '(0.5, 0.663]' AND gvh = '(0.4, 0.47]' AND aac = '(0.42, 0.495]' AND alm1 = '(0.71, 1.0]' AND alm2 = '(0.71, 0.99]' -> Localization Site = 'imU' [Precision: 66.67%, Coverage: 1.12%]
R236: IF mcg = '(0.663, 0.89]' AND gvh = '(0.159, 0.4]' AND aac = '(0.495, 0.57]' AND alm1 = '(0.71, 1.0]' AND alm2 = '(0.71, 0.99]' -> Localization Site = 'im' [Precision: 50.0%, Coverage: 2.24%]
R237: IF mcg = '(0.5, 0.663]' AND gvh = '(0.4, 0.47]' AND aac = '(0.42, 0.495]' AND alm1 = '(0.71, 1.0]' AND alm2 = '(0.71, 0.99]' -> Localization Site = 'im' [Precision: 33.33%, Coverage: 1.12%]
R238: IF mcg = '(-0.001, 0.34]' AND gvh = '(0.159, 0.4]' AND aac = '(0.495, 0.57]' AND alm1 = '(0.33, 0.455]' AND alm2 = '(0.43, 0.71]' -> Localization Site = 'pp' [Precision: 50.0%, Coverage: 0.75%]
R239: IF mcg = '(0.5, 0.663]' AND gvh = '(0.47, 0.57]' AND aac = '(0.57, 0.88]' AND alm1 = '(0.71, 1.0]' AND alm2 = '(0.71, 0.99]' -> Localization Site = 'imU' [Precision: 33.33%, Coverage: 1.12%]
R240: IF mcg = '(0.5, 0.663]' AND gvh = '(0.47, 0.57]' AND aac = '(0.495, 0.57]' AND alm1 = '(0.71, 1.0]' AND alm2 = '(0.71, 0.99]' -> Localization Site = 'im' [Precision: 66.67%, Coverage: 1.12%]
R241: IF mcg = '(0.5, 0.663]' AND gvh = '(0.4, 0.47]' AND aac = '(0.42, 0.495]' AND alm1 = '(0.71, 1.0]' AND alm2 = '(0.71, 0.99]' -> Localization Site = 'imU' [Precision: 66.67%, Coverage: 1.12%]
R242: IF mcg = '(0.34, 0.5]' AND gvh = '(0.47, 0.57]' AND aac = '(0.42, 0.495]' AND alm1 = '(0.455, 0.71]' AND alm2 = '(0.43, 0.71]' -> Localization Site = 'cp' [Precision: 50.0%, Coverage: 0.75%]
R243: IF mcg = '(0.663, 0.89]' AND gvh = '(0.159, 0.4]' AND aac = '(0.495, 0.57]' AND alm1 = '(0.71, 1.0]' AND alm2 = '(0.71, 0.99]' -> Localization Site = 'imU' [Precision: 33.33%, Coverage: 2.24%]
R244: IF mcg = '(0.663, 0.89]' AND gvh = '(0.47, 0.57]' AND aac = '(0.57, 0.88]' AND alm1 = '(0.71, 1.0]' AND alm2 = '(0.71, 0.99]' -> Localization Site = 'im' [Precision: 40.0%, Coverage: 1.87%]
R245: IF mcg = '(0.663, 0.89]' AND gvh = '(0.57, 1.0]' AND aac = '(0.57, 0.88]' AND alm1 = '(0.455, 0.71]' AND alm2 = '(0.35, 0.43]' -> Localization Site = 'om' [Precision: 50.0%, Coverage: 0.75%]
R246: IF mcg = '(0.663, 0.89]' AND gvh = '(0.57, 1.0]' AND aac = '(0.57, 0.88]' AND alm1 = '(0.455, 0.71]' AND alm2 = '(0.35, 0.43]' -> Localization Site = 'pp' [Precision: 50.0%, Coverage: 0.75%]
R247: IF mcg = '(0.663, 0.89]' AND gvh = '(0.47, 0.57]' AND aac = '(-0.001, 0.42]' AND alm1 = '(0.455, 0.71]' AND alm2 = '(-0.001, 0.35]' -> Localization Site = 'imL' [Precision: 50.0%, Coverage: 0.75%]
R248: IF mcg = '(0.34, 0.5]' AND gvh = '(0.4, 0.47]' AND aac = '(0.57, 0.88]' AND alm1 = '(0.71, 1.0]' AND alm2 = '(0.71, 0.99]' -> Localization Site = 'imU' [Precision: 50.0%, Coverage: 0.75%]
R249: IF mcg = '(0.5, 0.663]' AND gvh = '(0.57, 1.0]' AND aac = '(0.57, 0.88]' AND alm1 = '(0.33, 0.455]' AND alm2 = '(0.35, 0.43]' -> Localization Site = 'om' [Precision: 50.0%, Coverage: 0.75%]
R250: IF mcg = '(0.663, 0.89]' AND gvh = '(0.4, 0.47]' AND aac = '(0.495, 0.57]' AND alm1 = '(0.71, 1.0]' AND alm2 = '(0.71, 0.99]' -> Localization Site = 'im' [Precision: 66.67%, Coverage: 1.12%]
R251: IF mcg = '(0.663, 0.89]' AND gvh = '(0.47, 0.57]' AND aac = '(0.495, 0.57]' AND alm1 = '(0.71, 1.0]' AND alm2 = '(0.71, 0.99]' -> Localization Site = 'im' [Precision: 25.0%, Coverage: 1.49%]
R252: IF mcg = '(-0.001, 0.34]' AND gvh = '(0.159, 0.4]' AND aac = '(0.495, 0.57]' AND alm1 = '(0.028999999999999998, 0.33]' AND alm2 = '(0.35, 0.43]' -> Localization Site = 'cp' [Precision: 75.0%, Coverage: 1.49%]
R253: IF mcg = '(0.5, 0.663]' AND gvh = '(0.57, 1.0]' AND aac = '(0.42, 0.495]' AND alm1 = '(0.33, 0.455]' AND alm2 = '(0.35, 0.43]' -> Localization Site = 'pp' [Precision: 66.67%, Coverage: 1.12%]
R254: IF mcg = '(0.663, 0.89]' AND gvh = '(0.4, 0.47]' AND aac = '(0.495, 0.57]' AND alm1 = '(0.455, 0.71]' AND alm2 = '(0.43, 0.71]' -> Localization Site = 'im' [Precision: 50.0%, Coverage: 0.75%]
R255: IF mcg = '(0.663, 0.89]' AND gvh = '(0.159, 0.4]' AND aac = '(0.57, 0.88]' AND alm1 = '(0.455, 0.71]' AND alm2 = '(0.71, 0.99]' -> Localization Site = 'im' [Precision: 50.0%, Coverage: 0.75%]
R256: IF mcg = '(0.5, 0.663]' AND gvh = '(0.57, 1.0]' AND aac = '(0.42, 0.495]' AND alm1 = '(0.33, 0.455]' AND alm2 = '(0.35, 0.43]' -> Localization Site = 'cp' [Precision: 33.33%, Coverage: 1.12%]
R257: IF mcg = '(0.5, 0.663]' AND gvh = '(0.47, 0.57]' AND aac = '(0.57, 0.88]' AND alm1 = '(0.71, 1.0]' AND alm2 = '(0.71, 0.99]' -> Localization Site = 'im' [Precision: 66.67%, Coverage: 1.12%]
